2018-02-08 14:09:42 - [INFO] - [Log.doLogger()] - Main.initiateLog# 
2018-02-08 14:09:42 - [INFO] - [Log.doLogger()] - Main.initMain# 
2018-02-08 14:09:42 - [INFO] - [Log.doLogger()] - TestScript.prepareTestScripts - 1 TotalTestScriptFiles
2018-02-08 14:09:42 - [INFO] - [Log.doLogger()] - TestScript.loadTestScript - C:\Wihemdra\Project\APP\04 DEVELOPMENT\TestScript\IPP_CMFFSI_v3.6c.xlsx
2018-02-08 14:09:44 - [INFO] - [Log.doLogger()] - TestScript.loadTestScript# 448 Step
2018-02-08 14:09:44 - [INFO] - [Log.doLogger()] - TestScript.loadTestData
2018-02-08 14:09:46 - [INFO] - [Log.doLogger()] - TestScript.loadTestData# 95 Row
2018-02-08 14:09:46 - [INFO] - [Log.doLogger()] - TestScript.prepareTestScripts# 95 FinalTestScript
2018-02-08 14:09:46 - [INFO] - [Log.doLogger()] - WebAutomation.runWebAutomation
2018-02-08 14:09:46 - [INFO] - [Log.doLogger()] - WebAutomation.runSingleWebAutomation < #1 : CM_FF_REPORT_EXPORT out of 95
2018-02-08 14:09:46 - [INFO] - [Log.doLogger()] - WebAutomation.initWebAutomation
2018-02-08 14:09:46 - [INFO] - [Log.doLogger()] - WebAutomation.initWebAutomation# 
2018-02-08 14:09:46 - [INFO] - [Log.doLogger()] - WebAutomation.runSingleWebAutomation# /#1 : CM_FF_REPORT_EXPORT out of 95>
2018-02-08 14:09:46 - [INFO] - [Log.doLogger()] - WebAutomation.runSingleWebAutomation < #2 : CM_FF_SI_IPP_0020 out of 95
2018-02-08 14:09:46 - [INFO] - [Log.doLogger()] - WebAutomation.initWebAutomation
2018-02-08 14:09:46 - [INFO] - [Log.doLogger()] - WebAutomation.initWebAutomation# 
2018-02-08 14:09:46 - [INFO] - [Log.doLogger()] - WebAutomation.runSingleWebAutomation# /#2 : CM_FF_SI_IPP_0020 out of 95>
2018-02-08 14:09:46 - [INFO] - [Log.doLogger()] - WebAutomation.runSingleWebAutomation < #3 : CM_FF_SI_IPP_0030 out of 95
2018-02-08 14:09:46 - [INFO] - [Log.doLogger()] - WebAutomation.initWebAutomation
2018-02-08 14:09:46 - [INFO] - [Log.doLogger()] - WebAutomation.initWebAutomation# 
2018-02-08 14:09:46 - [INFO] - [Log.doLogger()] - WebAutomation.runSingleWebAutomation# /#3 : CM_FF_SI_IPP_0030 out of 95>
2018-02-08 14:09:46 - [INFO] - [Log.doLogger()] - WebAutomation.runSingleWebAutomation < #4 : CM_FF_SI_IPP_0040 out of 95
2018-02-08 14:09:46 - [INFO] - [Log.doLogger()] - WebAutomation.initWebAutomation
2018-02-08 14:09:46 - [INFO] - [Log.doLogger()] - WebAutomation.initWebAutomation# 
2018-02-08 14:09:46 - [INFO] - [Log.doLogger()] - WebAutomation.runSingleWebAutomation# /#4 : CM_FF_SI_IPP_0040 out of 95>
2018-02-08 14:09:46 - [INFO] - [Log.doLogger()] - WebAutomation.runSingleWebAutomation < #5 : CM_FF_SI_IPP_0050 out of 95
2018-02-08 14:09:46 - [INFO] - [Log.doLogger()] - WebAutomation.initWebAutomation
2018-02-08 14:09:46 - [INFO] - [Log.doLogger()] - WebAutomation.initWebAutomation# 
2018-02-08 14:09:46 - [INFO] - [Log.doLogger()] - WebAutomation.runSingleWebAutomation# /#5 : CM_FF_SI_IPP_0050 out of 95>
2018-02-08 14:09:46 - [INFO] - [Log.doLogger()] - WebAutomation.runSingleWebAutomation < #6 : CM_FF_SI_IPP_0060 out of 95
2018-02-08 14:09:46 - [INFO] - [Log.doLogger()] - WebAutomation.initWebAutomation
2018-02-08 14:09:46 - [INFO] - [Log.doLogger()] - WebAutomation.initWebAutomation# 
2018-02-08 14:09:46 - [INFO] - [Log.doLogger()] - WebAutomation.runSingleWebAutomation# /#6 : CM_FF_SI_IPP_0060 out of 95>
2018-02-08 14:09:46 - [INFO] - [Log.doLogger()] - WebAutomation.runSingleWebAutomation < #7 : CM_FF_SI_IPP_0070 out of 95
2018-02-08 14:09:46 - [INFO] - [Log.doLogger()] - WebAutomation.initWebAutomation
2018-02-08 14:09:46 - [INFO] - [Log.doLogger()] - WebAutomation.initWebAutomation# 
2018-02-08 14:09:46 - [INFO] - [Log.doLogger()] - WebAutomation.runSingleWebAutomation# /#7 : CM_FF_SI_IPP_0070 out of 95>
2018-02-08 14:09:46 - [INFO] - [Log.doLogger()] - WebAutomation.runSingleWebAutomation < #8 : CM_FF_SI_IPP_0080 out of 95
2018-02-08 14:09:46 - [INFO] - [Log.doLogger()] - WebAutomation.initWebAutomation
2018-02-08 14:09:46 - [INFO] - [Log.doLogger()] - WebAutomation.initWebAutomation# 
2018-02-08 14:09:46 - [INFO] - [Log.doLogger()] - WebAutomation.runSingleWebAutomation# /#8 : CM_FF_SI_IPP_0080 out of 95>
2018-02-08 14:09:46 - [INFO] - [Log.doLogger()] - WebAutomation.runSingleWebAutomation < #9 : CM_FF_SI_IPP_0090 out of 95
2018-02-08 14:09:46 - [INFO] - [Log.doLogger()] - WebAutomation.initWebAutomation
2018-02-08 14:09:46 - [INFO] - [Log.doLogger()] - WebAutomation.initWebAutomation# 
2018-02-08 14:09:46 - [INFO] - [Log.doLogger()] - WebAutomation.runSingleWebAutomation# /#9 : CM_FF_SI_IPP_0090 out of 95>
2018-02-08 14:09:46 - [INFO] - [Log.doLogger()] - WebAutomation.runSingleWebAutomation < #10 : CM_FF_SI_IPP_0100 out of 95
2018-02-08 14:09:46 - [INFO] - [Log.doLogger()] - WebAutomation.initWebAutomation
2018-02-08 14:09:46 - [INFO] - [Log.doLogger()] - WebAutomation.initWebAutomation# 
2018-02-08 14:09:46 - [INFO] - [Log.doLogger()] - WebAutomation.runSingleWebAutomation# /#10 : CM_FF_SI_IPP_0100 out of 95>
2018-02-08 14:09:46 - [INFO] - [Log.doLogger()] - WebAutomation.runSingleWebAutomation < #11 : CM_FF_SI_IPP_0110 out of 95
2018-02-08 14:09:46 - [INFO] - [Log.doLogger()] - WebAutomation.initWebAutomation
2018-02-08 14:09:46 - [INFO] - [Log.doLogger()] - WebAutomation.initWebAutomation# 
2018-02-08 14:09:46 - [INFO] - [Log.doLogger()] - WebAutomation.runSingleWebAutomation# /#11 : CM_FF_SI_IPP_0110 out of 95>
2018-02-08 14:09:46 - [INFO] - [Log.doLogger()] - WebAutomation.runSingleWebAutomation < #12 : CM_FF_SI_IPP_0120 out of 95
2018-02-08 14:09:46 - [INFO] - [Log.doLogger()] - WebAutomation.initWebAutomation
2018-02-08 14:09:46 - [INFO] - [Log.doLogger()] - WebAutomation.initWebAutomation# 
2018-02-08 14:09:46 - [INFO] - [Log.doLogger()] - WebAutomation.runSingleWebAutomation# /#12 : CM_FF_SI_IPP_0120 out of 95>
2018-02-08 14:09:46 - [INFO] - [Log.doLogger()] - WebAutomation.runSingleWebAutomation < #13 : CM_FF_SI_IPP_0130 out of 95
2018-02-08 14:09:46 - [INFO] - [Log.doLogger()] - WebAutomation.initWebAutomation
2018-02-08 14:09:46 - [INFO] - [Log.doLogger()] - WebAutomation.initWebAutomation# 
2018-02-08 14:09:46 - [INFO] - [Log.doLogger()] - WebAutomation.runSingleWebAutomation# /#13 : CM_FF_SI_IPP_0130 out of 95>
2018-02-08 14:09:46 - [INFO] - [Log.doLogger()] - WebAutomation.runSingleWebAutomation < #14 : CM_FF_SI_IPP_0140 out of 95
2018-02-08 14:09:46 - [INFO] - [Log.doLogger()] - WebAutomation.initWebAutomation
2018-02-08 14:09:46 - [INFO] - [Log.doLogger()] - WebAutomation.initWebAutomation# 
2018-02-08 14:09:46 - [INFO] - [Log.doLogger()] - WebAutomation.runSingleWebAutomation# /#14 : CM_FF_SI_IPP_0140 out of 95>
2018-02-08 14:09:46 - [INFO] - [Log.doLogger()] - WebAutomation.runSingleWebAutomation < #15 : CM_FF_SI_IPP_0150 out of 95
2018-02-08 14:09:46 - [INFO] - [Log.doLogger()] - WebAutomation.initWebAutomation
2018-02-08 14:09:46 - [INFO] - [Log.doLogger()] - WebAutomation.initWebAutomation# 
2018-02-08 14:09:46 - [INFO] - [Log.doLogger()] - WebAutomation.runSingleWebAutomation# /#15 : CM_FF_SI_IPP_0150 out of 95>
2018-02-08 14:09:46 - [INFO] - [Log.doLogger()] - WebAutomation.runSingleWebAutomation < #16 : CM_FF_SI_IPP_0160 out of 95
2018-02-08 14:09:46 - [INFO] - [Log.doLogger()] - WebAutomation.initWebAutomation
2018-02-08 14:09:46 - [INFO] - [Log.doLogger()] - WebAutomation.initWebAutomation# 
2018-02-08 14:09:46 - [INFO] - [Log.doLogger()] - WebAutomation.runSingleWebAutomation# /#16 : CM_FF_SI_IPP_0160 out of 95>
2018-02-08 14:09:46 - [INFO] - [Log.doLogger()] - WebAutomation.runSingleWebAutomation < #17 : CM_FF_SI_IPP_0170 out of 95
2018-02-08 14:09:46 - [INFO] - [Log.doLogger()] - WebAutomation.initWebAutomation
2018-02-08 14:09:46 - [INFO] - [Log.doLogger()] - WebAutomation.initWebAutomation# 
2018-02-08 14:09:46 - [INFO] - [Log.doLogger()] - WebAutomation.runSingleWebAutomation# /#17 : CM_FF_SI_IPP_0170 out of 95>
2018-02-08 14:09:46 - [INFO] - [Log.doLogger()] - WebAutomation.runSingleWebAutomation < #18 : CM_FF_SI_IPP_0180 out of 95
2018-02-08 14:09:46 - [INFO] - [Log.doLogger()] - WebAutomation.initWebAutomation
2018-02-08 14:09:46 - [INFO] - [Log.doLogger()] - WebAutomation.initWebAutomation# 
2018-02-08 14:09:46 - [INFO] - [Log.doLogger()] - WebAutomation.runSingleWebAutomation# /#18 : CM_FF_SI_IPP_0180 out of 95>
2018-02-08 14:09:46 - [INFO] - [Log.doLogger()] - WebAutomation.runSingleWebAutomation < #19 : CM_FF_SI_IPP_0190 out of 95
2018-02-08 14:09:46 - [INFO] - [Log.doLogger()] - WebAutomation.initWebAutomation
2018-02-08 14:09:46 - [INFO] - [Log.doLogger()] - WebAutomation.initWebAutomation# 
2018-02-08 14:09:46 - [INFO] - [Log.doLogger()] - WebAutomation.runSingleWebAutomation# /#19 : CM_FF_SI_IPP_0190 out of 95>
2018-02-08 14:09:46 - [INFO] - [Log.doLogger()] - WebAutomation.runSingleWebAutomation < #20 : CM_FF_SI_IPP_0200 out of 95
2018-02-08 14:09:46 - [INFO] - [Log.doLogger()] - WebAutomation.initWebAutomation
2018-02-08 14:09:46 - [INFO] - [Log.doLogger()] - WebAutomation.initWebAutomation# 
2018-02-08 14:09:46 - [INFO] - [Log.doLogger()] - WebAutomation.runSingleWebAutomation# /#20 : CM_FF_SI_IPP_0200 out of 95>
2018-02-08 14:09:46 - [INFO] - [Log.doLogger()] - WebAutomation.runSingleWebAutomation < #21 : CM_FF_SI_IPP_0210 out of 95
2018-02-08 14:09:46 - [INFO] - [Log.doLogger()] - WebAutomation.initWebAutomation
2018-02-08 14:09:46 - [INFO] - [Log.doLogger()] - WebAutomation.initWebAutomation# 
2018-02-08 14:09:46 - [INFO] - [Log.doLogger()] - WebAutomation.runSingleWebAutomation# /#21 : CM_FF_SI_IPP_0210 out of 95>
2018-02-08 14:09:46 - [INFO] - [Log.doLogger()] - WebAutomation.runSingleWebAutomation < #22 : CM_FF_SI_IPP_0220 out of 95
2018-02-08 14:09:46 - [INFO] - [Log.doLogger()] - WebAutomation.initWebAutomation
2018-02-08 14:09:46 - [INFO] - [Log.doLogger()] - WebAutomation.initWebAutomation# 
2018-02-08 14:09:46 - [INFO] - [Log.doLogger()] - WebAutomation.runSingleWebAutomation# /#22 : CM_FF_SI_IPP_0220 out of 95>
2018-02-08 14:09:46 - [INFO] - [Log.doLogger()] - WebAutomation.runSingleWebAutomation < #23 : CM_FF_SI_IPP_0230 out of 95
2018-02-08 14:09:46 - [INFO] - [Log.doLogger()] - WebAutomation.initWebAutomation
2018-02-08 14:09:46 - [INFO] - [Log.doLogger()] - WebAutomation.initWebAutomation# 
2018-02-08 14:09:46 - [INFO] - [Log.doLogger()] - WebAutomation.runSingleWebAutomation# /#23 : CM_FF_SI_IPP_0230 out of 95>
2018-02-08 14:09:46 - [INFO] - [Log.doLogger()] - WebAutomation.runSingleWebAutomation < #24 : CM_FF_SI_IPP_0240 out of 95
2018-02-08 14:09:46 - [INFO] - [Log.doLogger()] - WebAutomation.initWebAutomation
2018-02-08 14:09:46 - [INFO] - [Log.doLogger()] - WebAutomation.initWebAutomation# 
2018-02-08 14:09:46 - [INFO] - [Log.doLogger()] - WebAutomation.runSingleWebAutomation# /#24 : CM_FF_SI_IPP_0240 out of 95>
2018-02-08 14:09:46 - [INFO] - [Log.doLogger()] - WebAutomation.runSingleWebAutomation < #25 : CM_FF_SI_IPP_0250 out of 95
2018-02-08 14:09:46 - [INFO] - [Log.doLogger()] - WebAutomation.initWebAutomation
2018-02-08 14:09:46 - [INFO] - [Log.doLogger()] - WebAutomation.initWebAutomation# 
2018-02-08 14:09:46 - [INFO] - [Log.doLogger()] - WebAutomation.runSingleWebAutomation# /#25 : CM_FF_SI_IPP_0250 out of 95>
2018-02-08 14:09:46 - [INFO] - [Log.doLogger()] - WebAutomation.runSingleWebAutomation < #26 : CM_FF_SI_IPP_0260 out of 95
2018-02-08 14:09:46 - [INFO] - [Log.doLogger()] - WebAutomation.initWebAutomation
2018-02-08 14:09:46 - [INFO] - [Log.doLogger()] - WebAutomation.initWebAutomation# 
2018-02-08 14:09:46 - [INFO] - [Log.doLogger()] - WebAutomation.runSingleWebAutomation# /#26 : CM_FF_SI_IPP_0260 out of 95>
2018-02-08 14:09:46 - [INFO] - [Log.doLogger()] - WebAutomation.runSingleWebAutomation < #27 : CM_FF_SI_IPP_0270 out of 95
2018-02-08 14:09:46 - [INFO] - [Log.doLogger()] - WebAutomation.initWebAutomation
2018-02-08 14:09:46 - [INFO] - [Log.doLogger()] - WebAutomation.initWebAutomation# 
2018-02-08 14:09:46 - [INFO] - [Log.doLogger()] - WebAutomation.runSingleWebAutomation# /#27 : CM_FF_SI_IPP_0270 out of 95>
2018-02-08 14:09:46 - [INFO] - [Log.doLogger()] - WebAutomation.runSingleWebAutomation < #28 : CM_FF_SI_IPP_0280 out of 95
2018-02-08 14:09:46 - [INFO] - [Log.doLogger()] - WebAutomation.initWebAutomation
2018-02-08 14:09:46 - [INFO] - [Log.doLogger()] - WebAutomation.initWebAutomation# 
2018-02-08 14:09:46 - [INFO] - [Log.doLogger()] - WebAutomation.runSingleWebAutomation# /#28 : CM_FF_SI_IPP_0280 out of 95>
2018-02-08 14:09:46 - [INFO] - [Log.doLogger()] - WebAutomation.runSingleWebAutomation < #29 : CM_FF_SI_IPP_0290 out of 95
2018-02-08 14:09:46 - [INFO] - [Log.doLogger()] - WebAutomation.initWebAutomation
2018-02-08 14:09:46 - [INFO] - [Log.doLogger()] - WebAutomation.initWebAutomation# 
2018-02-08 14:09:46 - [INFO] - [Log.doLogger()] - WebAutomation.runSingleWebAutomation# /#29 : CM_FF_SI_IPP_0290 out of 95>
2018-02-08 14:09:46 - [INFO] - [Log.doLogger()] - WebAutomation.runSingleWebAutomation < #30 : CM_FF_SI_IPP_0300 out of 95
2018-02-08 14:09:46 - [INFO] - [Log.doLogger()] - WebAutomation.initWebAutomation
2018-02-08 14:09:46 - [INFO] - [Log.doLogger()] - WebAutomation.initWebAutomation# 
2018-02-08 14:09:46 - [INFO] - [Log.doLogger()] - WebAutomation.runSingleWebAutomation# /#30 : CM_FF_SI_IPP_0300 out of 95>
2018-02-08 14:09:46 - [INFO] - [Log.doLogger()] - WebAutomation.runSingleWebAutomation < #31 : CM_FF_SI_IPP_0310 out of 95
2018-02-08 14:09:46 - [INFO] - [Log.doLogger()] - WebAutomation.initWebAutomation
2018-02-08 14:09:46 - [INFO] - [Log.doLogger()] - WebAutomation.initWebAutomation# 
2018-02-08 14:09:46 - [INFO] - [Log.doLogger()] - WebAutomation.runSingleWebAutomation# /#31 : CM_FF_SI_IPP_0310 out of 95>
2018-02-08 14:09:46 - [INFO] - [Log.doLogger()] - WebAutomation.runSingleWebAutomation < #32 : CM_FF_SI_IPP_0320 out of 95
2018-02-08 14:09:46 - [INFO] - [Log.doLogger()] - WebAutomation.initWebAutomation
2018-02-08 14:09:46 - [INFO] - [Log.doLogger()] - WebAutomation.initWebAutomation# 
2018-02-08 14:09:46 - [INFO] - [Log.doLogger()] - WebAutomation.runSingleWebAutomation# /#32 : CM_FF_SI_IPP_0320 out of 95>
2018-02-08 14:09:46 - [INFO] - [Log.doLogger()] - WebAutomation.runSingleWebAutomation < #33 : CM_FF_SI_IPP_0330 out of 95
2018-02-08 14:09:46 - [INFO] - [Log.doLogger()] - WebAutomation.initWebAutomation
2018-02-08 14:09:46 - [INFO] - [Log.doLogger()] - WebAutomation.initWebAutomation# 
2018-02-08 14:09:46 - [INFO] - [Log.doLogger()] - WebAutomation.runSingleWebAutomation# /#33 : CM_FF_SI_IPP_0330 out of 95>
2018-02-08 14:09:46 - [INFO] - [Log.doLogger()] - WebAutomation.runSingleWebAutomation < #34 : CM_FF_SI_IPP_0340 out of 95
2018-02-08 14:09:46 - [INFO] - [Log.doLogger()] - WebAutomation.initWebAutomation
2018-02-08 14:09:46 - [INFO] - [Log.doLogger()] - WebAutomation.initWebAutomation# 
2018-02-08 14:09:46 - [INFO] - [Log.doLogger()] - WebAutomation.runSingleWebAutomation# /#34 : CM_FF_SI_IPP_0340 out of 95>
2018-02-08 14:09:46 - [INFO] - [Log.doLogger()] - WebAutomation.runSingleWebAutomation < #35 : CM_FF_SI_IPP_0350 out of 95
2018-02-08 14:09:46 - [INFO] - [Log.doLogger()] - WebAutomation.initWebAutomation
2018-02-08 14:09:46 - [INFO] - [Log.doLogger()] - WebAutomation.initWebAutomation# 
2018-02-08 14:09:46 - [INFO] - [Log.doLogger()] - WebAutomation.runSingleWebAutomation# /#35 : CM_FF_SI_IPP_0350 out of 95>
2018-02-08 14:09:46 - [INFO] - [Log.doLogger()] - WebAutomation.runSingleWebAutomation < #36 : CM_FF_SI_IPP_0360 out of 95
2018-02-08 14:09:46 - [INFO] - [Log.doLogger()] - WebAutomation.initWebAutomation
2018-02-08 14:09:46 - [INFO] - [Log.doLogger()] - WebAutomation.initWebAutomation# 
2018-02-08 14:09:46 - [INFO] - [Log.doLogger()] - WebAutomation.runSingleWebAutomation# /#36 : CM_FF_SI_IPP_0360 out of 95>
2018-02-08 14:09:46 - [INFO] - [Log.doLogger()] - WebAutomation.runSingleWebAutomation < #37 : CM_FF_SI_IPP_0370 out of 95
2018-02-08 14:09:46 - [INFO] - [Log.doLogger()] - WebAutomation.initWebAutomation
2018-02-08 14:09:46 - [INFO] - [Log.doLogger()] - WebAutomation.initWebAutomation# 
2018-02-08 14:09:46 - [INFO] - [Log.doLogger()] - WebAutomation.runSingleWebAutomation# /#37 : CM_FF_SI_IPP_0370 out of 95>
2018-02-08 14:09:46 - [INFO] - [Log.doLogger()] - WebAutomation.runSingleWebAutomation < #38 : CM_FF_SI_IPP_0380 out of 95
2018-02-08 14:09:46 - [INFO] - [Log.doLogger()] - WebAutomation.initWebAutomation
2018-02-08 14:09:46 - [INFO] - [Log.doLogger()] - WebAutomation.initWebAutomation# 
2018-02-08 14:09:46 - [INFO] - [Log.doLogger()] - WebAutomation.runSingleWebAutomation# /#38 : CM_FF_SI_IPP_0380 out of 95>
2018-02-08 14:09:46 - [INFO] - [Log.doLogger()] - WebAutomation.runSingleWebAutomation < #39 : CM_FF_SI_IPP_0390 out of 95
2018-02-08 14:09:46 - [INFO] - [Log.doLogger()] - WebAutomation.initWebAutomation
2018-02-08 14:09:46 - [INFO] - [Log.doLogger()] - WebAutomation.initWebAutomation# 
2018-02-08 14:09:46 - [INFO] - [Log.doLogger()] - WebAutomation.runSingleWebAutomation# /#39 : CM_FF_SI_IPP_0390 out of 95>
2018-02-08 14:09:46 - [INFO] - [Log.doLogger()] - WebAutomation.runSingleWebAutomation < #40 : CM_FF_SI_IPP_0400 out of 95
2018-02-08 14:09:46 - [INFO] - [Log.doLogger()] - WebAutomation.initWebAutomation
2018-02-08 14:09:46 - [INFO] - [Log.doLogger()] - WebAutomation.initWebAutomation# 
2018-02-08 14:09:46 - [INFO] - [Log.doLogger()] - WebAutomation.runSingleWebAutomation# /#40 : CM_FF_SI_IPP_0400 out of 95>
2018-02-08 14:09:46 - [INFO] - [Log.doLogger()] - WebAutomation.runSingleWebAutomation < #41 : CM_FF_SI_IPP_0410 out of 95
2018-02-08 14:09:46 - [INFO] - [Log.doLogger()] - WebAutomation.initWebAutomation
2018-02-08 14:09:46 - [INFO] - [Log.doLogger()] - WebAutomation.initWebAutomation# 
2018-02-08 14:09:46 - [INFO] - [Log.doLogger()] - WebAutomation.runSingleWebAutomation# /#41 : CM_FF_SI_IPP_0410 out of 95>
2018-02-08 14:09:46 - [INFO] - [Log.doLogger()] - WebAutomation.runSingleWebAutomation < #42 : CM_FF_SI_IPP_0420 out of 95
2018-02-08 14:09:46 - [INFO] - [Log.doLogger()] - WebAutomation.initWebAutomation
2018-02-08 14:09:46 - [INFO] - [Log.doLogger()] - WebAutomation.initWebAutomation# 
2018-02-08 14:09:46 - [INFO] - [Log.doLogger()] - WebAutomation.runSingleWebAutomation# /#42 : CM_FF_SI_IPP_0420 out of 95>
2018-02-08 14:09:46 - [INFO] - [Log.doLogger()] - WebAutomation.runSingleWebAutomation < #43 : CM_FF_SI_IPP_0430 out of 95
2018-02-08 14:09:46 - [INFO] - [Log.doLogger()] - WebAutomation.initWebAutomation
2018-02-08 14:09:46 - [INFO] - [Log.doLogger()] - WebAutomation.initWebAutomation# 
2018-02-08 14:09:46 - [INFO] - [Log.doLogger()] - WebAutomation.runSingleWebAutomation# /#43 : CM_FF_SI_IPP_0430 out of 95>
2018-02-08 14:09:46 - [INFO] - [Log.doLogger()] - WebAutomation.runSingleWebAutomation < #44 : CM_FF_SI_IPP_0440 out of 95
2018-02-08 14:09:46 - [INFO] - [Log.doLogger()] - WebAutomation.initWebAutomation
2018-02-08 14:09:46 - [INFO] - [Log.doLogger()] - WebAutomation.initWebAutomation# 
2018-02-08 14:09:46 - [INFO] - [Log.doLogger()] - WebAutomation.runSingleWebAutomation# /#44 : CM_FF_SI_IPP_0440 out of 95>
2018-02-08 14:09:46 - [INFO] - [Log.doLogger()] - WebAutomation.runSingleWebAutomation < #45 : CM_FF_SI_IPP_0450 out of 95
2018-02-08 14:09:46 - [INFO] - [Log.doLogger()] - WebAutomation.initWebAutomation
2018-02-08 14:09:46 - [INFO] - [Log.doLogger()] - WebAutomation.initWebAutomation# 
2018-02-08 14:09:46 - [INFO] - [Log.doLogger()] - WebAutomation.runSingleWebAutomation# /#45 : CM_FF_SI_IPP_0450 out of 95>
2018-02-08 14:09:46 - [INFO] - [Log.doLogger()] - WebAutomation.runSingleWebAutomation < #46 : CM_FF_SI_IPP_0460 out of 95
2018-02-08 14:09:46 - [INFO] - [Log.doLogger()] - WebAutomation.initWebAutomation
2018-02-08 14:09:46 - [INFO] - [Log.doLogger()] - WebAutomation.initWebAutomation# 
2018-02-08 14:09:46 - [INFO] - [Log.doLogger()] - WebAutomation.runSingleWebAutomation# /#46 : CM_FF_SI_IPP_0460 out of 95>
2018-02-08 14:09:46 - [INFO] - [Log.doLogger()] - WebAutomation.runSingleWebAutomation < #47 : CM_FF_SI_IPP_0470 out of 95
2018-02-08 14:09:46 - [INFO] - [Log.doLogger()] - WebAutomation.initWebAutomation
2018-02-08 14:09:46 - [INFO] - [Log.doLogger()] - WebAutomation.initWebAutomation# 
2018-02-08 14:09:46 - [INFO] - [Log.doLogger()] - WebAutomation.runSingleWebAutomation# /#47 : CM_FF_SI_IPP_0470 out of 95>
2018-02-08 14:09:46 - [INFO] - [Log.doLogger()] - WebAutomation.runSingleWebAutomation < #48 : CM_FF_SI_IPP_0480 out of 95
2018-02-08 14:09:46 - [INFO] - [Log.doLogger()] - WebAutomation.initWebAutomation
2018-02-08 14:09:46 - [INFO] - [Log.doLogger()] - WebAutomation.initWebAutomation# 
2018-02-08 14:09:46 - [INFO] - [Log.doLogger()] - WebAutomation.runSingleWebAutomation# /#48 : CM_FF_SI_IPP_0480 out of 95>
2018-02-08 14:09:46 - [INFO] - [Log.doLogger()] - WebAutomation.runSingleWebAutomation < #49 : CM_FF_SI_IPP_0490 out of 95
2018-02-08 14:09:46 - [INFO] - [Log.doLogger()] - WebAutomation.initWebAutomation
2018-02-08 14:09:46 - [INFO] - [Log.doLogger()] - WebAutomation.initWebAutomation# 
2018-02-08 14:09:46 - [INFO] - [Log.doLogger()] - WebAutomation.runSingleWebAutomation# /#49 : CM_FF_SI_IPP_0490 out of 95>
2018-02-08 14:09:46 - [INFO] - [Log.doLogger()] - WebAutomation.runSingleWebAutomation < #50 : CM_FF_SI_IPP_0500 out of 95
2018-02-08 14:09:46 - [INFO] - [Log.doLogger()] - WebAutomation.initWebAutomation
2018-02-08 14:09:46 - [INFO] - [Log.doLogger()] - WebAutomation.initWebAutomation# 
2018-02-08 14:09:46 - [INFO] - [Log.doLogger()] - WebAutomation.runSingleWebAutomation# /#50 : CM_FF_SI_IPP_0500 out of 95>
2018-02-08 14:09:46 - [INFO] - [Log.doLogger()] - WebAutomation.runSingleWebAutomation < #51 : CM_FF_SI_IPP_0510 out of 95
2018-02-08 14:09:46 - [INFO] - [Log.doLogger()] - WebAutomation.initWebAutomation
2018-02-08 14:09:46 - [INFO] - [Log.doLogger()] - WebAutomation.initWebAutomation# 
2018-02-08 14:09:46 - [INFO] - [Log.doLogger()] - WebAutomation.runSingleWebAutomation# /#51 : CM_FF_SI_IPP_0510 out of 95>
2018-02-08 14:09:46 - [INFO] - [Log.doLogger()] - WebAutomation.runSingleWebAutomation < #52 : CM_FF_SI_IPP_0520 out of 95
2018-02-08 14:09:46 - [INFO] - [Log.doLogger()] - WebAutomation.initWebAutomation
2018-02-08 14:09:46 - [INFO] - [Log.doLogger()] - WebAutomation.initWebAutomation# 
2018-02-08 14:09:46 - [INFO] - [Log.doLogger()] - WebAutomation.runSingleWebAutomation# /#52 : CM_FF_SI_IPP_0520 out of 95>
2018-02-08 14:09:46 - [INFO] - [Log.doLogger()] - WebAutomation.runSingleWebAutomation < #53 : CM_FF_SI_IPP_0530 out of 95
2018-02-08 14:09:46 - [INFO] - [Log.doLogger()] - WebAutomation.initWebAutomation
2018-02-08 14:09:46 - [INFO] - [Log.doLogger()] - WebAutomation.initWebAutomation# 
2018-02-08 14:09:46 - [INFO] - [Log.doLogger()] - WebAutomation.runSingleWebAutomation# /#53 : CM_FF_SI_IPP_0530 out of 95>
2018-02-08 14:09:46 - [INFO] - [Log.doLogger()] - WebAutomation.runSingleWebAutomation < #54 : CM_FF_SI_IPP_0540 out of 95
2018-02-08 14:09:46 - [INFO] - [Log.doLogger()] - WebAutomation.initWebAutomation
2018-02-08 14:09:46 - [INFO] - [Log.doLogger()] - WebAutomation.initWebAutomation# 
2018-02-08 14:09:46 - [INFO] - [Log.doLogger()] - WebAutomation.runSingleWebAutomation# /#54 : CM_FF_SI_IPP_0540 out of 95>
2018-02-08 14:09:46 - [INFO] - [Log.doLogger()] - WebAutomation.runSingleWebAutomation < #55 : CM_FF_SI_IPP_0550_RERUN out of 95
2018-02-08 14:09:46 - [INFO] - [Log.doLogger()] - WebAutomation.initWebAutomation
2018-02-08 14:09:46 - [INFO] - [Log.doLogger()] - WebAutomation.initWebAutomation# 
2018-02-08 14:09:46 - [INFO] - [Log.doLogger()] - WebAutomation.runSingleWebAutomation# /#55 : CM_FF_SI_IPP_0550_RERUN out of 95>
2018-02-08 14:09:46 - [INFO] - [Log.doLogger()] - WebAutomation.runSingleWebAutomation < #56 : CM_FF_SI_IPP_0560_RERUN out of 95
2018-02-08 14:09:46 - [INFO] - [Log.doLogger()] - WebAutomation.initWebAutomation
2018-02-08 14:09:46 - [INFO] - [Log.doLogger()] - WebAutomation.initWebAutomation# 
2018-02-08 14:09:46 - [INFO] - [Log.doLogger()] - WebAutomation.runSingleWebAutomation# /#56 : CM_FF_SI_IPP_0560_RERUN out of 95>
2018-02-08 14:09:46 - [INFO] - [Log.doLogger()] - WebAutomation.runSingleWebAutomation < #57 : CM_FF_SI_IPP_0570 out of 95
2018-02-08 14:09:46 - [INFO] - [Log.doLogger()] - WebAutomation.initWebAutomation
2018-02-08 14:09:46 - [INFO] - [Log.doLogger()] - WebAutomation.initWebAutomation# 
2018-02-08 14:09:46 - [INFO] - [Log.doLogger()] - WebAutomation.runSingleWebAutomation# /#57 : CM_FF_SI_IPP_0570 out of 95>
2018-02-08 14:09:46 - [INFO] - [Log.doLogger()] - WebAutomation.runSingleWebAutomation < #58 : CM_FF_SI_IPP_0580 out of 95
2018-02-08 14:09:46 - [INFO] - [Log.doLogger()] - WebAutomation.initWebAutomation
2018-02-08 14:09:46 - [INFO] - [Log.doLogger()] - WebAutomation.initWebAutomation# 
2018-02-08 14:09:46 - [INFO] - [Log.doLogger()] - WebAutomation.runSingleWebAutomation# /#58 : CM_FF_SI_IPP_0580 out of 95>
2018-02-08 14:09:46 - [INFO] - [Log.doLogger()] - WebAutomation.runSingleWebAutomation < #59 : CM_FF_SI_IPP_0590_RERUN out of 95
2018-02-08 14:09:46 - [INFO] - [Log.doLogger()] - WebAutomation.initWebAutomation
2018-02-08 14:09:46 - [INFO] - [Log.doLogger()] - WebAutomation.initWebAutomation# 
2018-02-08 14:09:46 - [INFO] - [Log.doLogger()] - WebAutomation.runSingleWebAutomation# /#59 : CM_FF_SI_IPP_0590_RERUN out of 95>
2018-02-08 14:09:46 - [INFO] - [Log.doLogger()] - WebAutomation.runSingleWebAutomation < #60 : CM_FF_SI_IPP_0600 out of 95
2018-02-08 14:09:46 - [INFO] - [Log.doLogger()] - WebAutomation.initWebAutomation
2018-02-08 14:09:46 - [INFO] - [Log.doLogger()] - WebAutomation.initWebAutomation# 
2018-02-08 14:09:46 - [INFO] - [Log.doLogger()] - WebAutomation.runSingleWebAutomation# /#60 : CM_FF_SI_IPP_0600 out of 95>
2018-02-08 14:09:46 - [INFO] - [Log.doLogger()] - WebAutomation.runSingleWebAutomation < #61 : CM_FF_SI_IPP_0610 out of 95
2018-02-08 14:09:46 - [INFO] - [Log.doLogger()] - WebAutomation.initWebAutomation
2018-02-08 14:09:46 - [INFO] - [Log.doLogger()] - WebAutomation.initWebAutomation# 
2018-02-08 14:09:46 - [INFO] - [Log.doLogger()] - WebAutomation.runSingleWebAutomation# /#61 : CM_FF_SI_IPP_0610 out of 95>
2018-02-08 14:09:46 - [INFO] - [Log.doLogger()] - WebAutomation.runSingleWebAutomation < #62 : CM_FF_SI_IPP_0620 out of 95
2018-02-08 14:09:46 - [INFO] - [Log.doLogger()] - WebAutomation.initWebAutomation
2018-02-08 14:09:46 - [INFO] - [Log.doLogger()] - WebAutomation.initWebAutomation# 
2018-02-08 14:09:46 - [INFO] - [Log.doLogger()] - WebAutomation.runSingleWebAutomation# /#62 : CM_FF_SI_IPP_0620 out of 95>
2018-02-08 14:09:46 - [INFO] - [Log.doLogger()] - WebAutomation.runSingleWebAutomation < #63 : CM_FF_SI_IPP_0630 out of 95
2018-02-08 14:09:46 - [INFO] - [Log.doLogger()] - WebAutomation.initWebAutomation
2018-02-08 14:09:46 - [INFO] - [Log.doLogger()] - WebAutomation.initWebAutomation# 
2018-02-08 14:09:46 - [INFO] - [Log.doLogger()] - WebAutomation.runSingleWebAutomation# /#63 : CM_FF_SI_IPP_0630 out of 95>
2018-02-08 14:09:46 - [INFO] - [Log.doLogger()] - WebAutomation.runSingleWebAutomation < #64 : CM_FF_SI_IPP_0640 out of 95
2018-02-08 14:09:46 - [INFO] - [Log.doLogger()] - WebAutomation.initWebAutomation
2018-02-08 14:09:46 - [INFO] - [Log.doLogger()] - WebAutomation.initWebAutomation# 
2018-02-08 14:09:46 - [INFO] - [Log.doLogger()] - WebAutomation.runSingleWebAutomation# /#64 : CM_FF_SI_IPP_0640 out of 95>
2018-02-08 14:09:46 - [INFO] - [Log.doLogger()] - WebAutomation.runSingleWebAutomation < #65 : CM_FF_SI_IPP_0650 out of 95
2018-02-08 14:09:46 - [INFO] - [Log.doLogger()] - WebAutomation.initWebAutomation
2018-02-08 14:09:46 - [INFO] - [Log.doLogger()] - WebAutomation.initWebAutomation# 
2018-02-08 14:09:46 - [INFO] - [Log.doLogger()] - WebAutomation.runSingleWebAutomation# /#65 : CM_FF_SI_IPP_0650 out of 95>
2018-02-08 14:09:46 - [INFO] - [Log.doLogger()] - WebAutomation.runSingleWebAutomation < #66 : CM_FF_SI_IPP_0660 out of 95
2018-02-08 14:09:46 - [INFO] - [Log.doLogger()] - WebAutomation.initWebAutomation
2018-02-08 14:09:46 - [INFO] - [Log.doLogger()] - WebAutomation.initWebAutomation# 
2018-02-08 14:09:46 - [INFO] - [Log.doLogger()] - WebAutomation.runSingleWebAutomation# /#66 : CM_FF_SI_IPP_0660 out of 95>
2018-02-08 14:09:46 - [INFO] - [Log.doLogger()] - WebAutomation.runSingleWebAutomation < #67 : CM_FF_SI_IPP_0670 out of 95
2018-02-08 14:09:46 - [INFO] - [Log.doLogger()] - WebAutomation.initWebAutomation
2018-02-08 14:09:46 - [INFO] - [Log.doLogger()] - WebAutomation.initWebAutomation# 
2018-02-08 14:09:46 - [INFO] - [Log.doLogger()] - WebAutomation.runSingleWebAutomation# /#67 : CM_FF_SI_IPP_0670 out of 95>
2018-02-08 14:09:46 - [INFO] - [Log.doLogger()] - WebAutomation.runSingleWebAutomation < #68 : CM_FF_SI_IPP_0680 out of 95
2018-02-08 14:09:46 - [INFO] - [Log.doLogger()] - WebAutomation.initWebAutomation
2018-02-08 14:09:46 - [INFO] - [Log.doLogger()] - WebAutomation.initWebAutomation# 
2018-02-08 14:09:46 - [INFO] - [Log.doLogger()] - WebAutomation.runSingleWebAutomation# /#68 : CM_FF_SI_IPP_0680 out of 95>
2018-02-08 14:09:46 - [INFO] - [Log.doLogger()] - WebAutomation.runSingleWebAutomation < #69 : CM_FF_SI_IPP_0690 out of 95
2018-02-08 14:09:46 - [INFO] - [Log.doLogger()] - WebAutomation.initWebAutomation
2018-02-08 14:09:46 - [INFO] - [Log.doLogger()] - WebAutomation.initWebAutomation# 
2018-02-08 14:09:46 - [INFO] - [Log.doLogger()] - WebAutomation.runSingleWebAutomation# /#69 : CM_FF_SI_IPP_0690 out of 95>
2018-02-08 14:09:46 - [INFO] - [Log.doLogger()] - WebAutomation.runSingleWebAutomation < #70 : CM_FF_SI_IPP_0700 out of 95
2018-02-08 14:09:46 - [INFO] - [Log.doLogger()] - WebAutomation.initWebAutomation
2018-02-08 14:09:46 - [INFO] - [Log.doLogger()] - WebAutomation.initWebAutomation# 
2018-02-08 14:09:46 - [INFO] - [Log.doLogger()] - WebAutomation.runSingleWebAutomation# /#70 : CM_FF_SI_IPP_0700 out of 95>
2018-02-08 14:09:46 - [INFO] - [Log.doLogger()] - WebAutomation.runSingleWebAutomation < #71 : CM_FF_SI_IPP_0710 out of 95
2018-02-08 14:09:46 - [INFO] - [Log.doLogger()] - WebAutomation.initWebAutomation
2018-02-08 14:09:46 - [INFO] - [Log.doLogger()] - WebAutomation.initWebAutomation# 
2018-02-08 14:09:46 - [INFO] - [Log.doLogger()] - WebAutomation.runSingleWebAutomation# /#71 : CM_FF_SI_IPP_0710 out of 95>
2018-02-08 14:09:46 - [INFO] - [Log.doLogger()] - WebAutomation.runSingleWebAutomation < #72 : CM_FF_SI_IPP_0720 out of 95
2018-02-08 14:09:46 - [INFO] - [Log.doLogger()] - WebAutomation.initWebAutomation
2018-02-08 14:09:46 - [INFO] - [Log.doLogger()] - WebAutomation.initWebAutomation# 
2018-02-08 14:09:46 - [INFO] - [Log.doLogger()] - WebAutomation.runSingleWebAutomation# /#72 : CM_FF_SI_IPP_0720 out of 95>
2018-02-08 14:09:46 - [INFO] - [Log.doLogger()] - WebAutomation.runSingleWebAutomation < #73 : CM_FF_SI_IPP_0730 out of 95
2018-02-08 14:09:46 - [INFO] - [Log.doLogger()] - WebAutomation.initWebAutomation
2018-02-08 14:09:46 - [INFO] - [Log.doLogger()] - WebAutomation.initWebAutomation# 
2018-02-08 14:09:46 - [INFO] - [Log.doLogger()] - WebAutomation.runSingleWebAutomation# /#73 : CM_FF_SI_IPP_0730 out of 95>
2018-02-08 14:09:46 - [INFO] - [Log.doLogger()] - WebAutomation.runSingleWebAutomation < #74 : CM_FF_SI_IPP_0740 out of 95
2018-02-08 14:09:46 - [INFO] - [Log.doLogger()] - WebAutomation.initWebAutomation
2018-02-08 14:09:46 - [INFO] - [Log.doLogger()] - WebAutomation.initWebAutomation# 
2018-02-08 14:09:46 - [INFO] - [Log.doLogger()] - WebAutomation.runSingleWebAutomation# /#74 : CM_FF_SI_IPP_0740 out of 95>
2018-02-08 14:09:46 - [INFO] - [Log.doLogger()] - WebAutomation.runSingleWebAutomation < #75 : CM_FF_SI_IPP_0750 out of 95
2018-02-08 14:09:46 - [INFO] - [Log.doLogger()] - WebAutomation.initWebAutomation
2018-02-08 14:09:46 - [INFO] - [Log.doLogger()] - WebAutomation.initWebAutomation# 
2018-02-08 14:09:46 - [INFO] - [Log.doLogger()] - WebAutomation.runSingleWebAutomation# /#75 : CM_FF_SI_IPP_0750 out of 95>
2018-02-08 14:09:46 - [INFO] - [Log.doLogger()] - WebAutomation.runSingleWebAutomation < #76 : CM_FF_SI_IPP_0760 out of 95
2018-02-08 14:09:46 - [INFO] - [Log.doLogger()] - WebAutomation.initWebAutomation
2018-02-08 14:09:46 - [INFO] - [Log.doLogger()] - WebAutomation.initWebAutomation# 
2018-02-08 14:09:46 - [INFO] - [Log.doLogger()] - WebAutomation.runSingleWebAutomation# /#76 : CM_FF_SI_IPP_0760 out of 95>
2018-02-08 14:09:46 - [INFO] - [Log.doLogger()] - WebAutomation.runSingleWebAutomation < #77 : CM_FF_SI_IPP_0770 out of 95
2018-02-08 14:09:46 - [INFO] - [Log.doLogger()] - WebAutomation.initWebAutomation
2018-02-08 14:09:46 - [INFO] - [Log.doLogger()] - WebAutomation.initWebAutomation# 
2018-02-08 14:09:46 - [INFO] - [Log.doLogger()] - WebAutomation.runSingleWebAutomation# /#77 : CM_FF_SI_IPP_0770 out of 95>
2018-02-08 14:09:46 - [INFO] - [Log.doLogger()] - WebAutomation.runSingleWebAutomation < #78 : CM_FF_SI_IPP_0780 out of 95
2018-02-08 14:09:46 - [INFO] - [Log.doLogger()] - WebAutomation.initWebAutomation
2018-02-08 14:09:46 - [INFO] - [Log.doLogger()] - WebAutomation.initWebAutomation# 
2018-02-08 14:09:46 - [INFO] - [Log.doLogger()] - WebAutomation.runSingleWebAutomation# /#78 : CM_FF_SI_IPP_0780 out of 95>
2018-02-08 14:09:46 - [INFO] - [Log.doLogger()] - WebAutomation.runSingleWebAutomation < #79 : CM_FF_SI_IPP_0790 out of 95
2018-02-08 14:09:46 - [INFO] - [Log.doLogger()] - WebAutomation.initWebAutomation
2018-02-08 14:09:46 - [INFO] - [Log.doLogger()] - WebAutomation.initWebAutomation# 
2018-02-08 14:09:46 - [INFO] - [Log.doLogger()] - WebAutomation.runSingleWebAutomation# /#79 : CM_FF_SI_IPP_0790 out of 95>
2018-02-08 14:09:46 - [INFO] - [Log.doLogger()] - WebAutomation.runSingleWebAutomation < #80 : CM_FF_SI_IPP_0800 out of 95
2018-02-08 14:09:46 - [INFO] - [Log.doLogger()] - WebAutomation.initWebAutomation
2018-02-08 14:09:46 - [INFO] - [Log.doLogger()] - WebAutomation.initWebAutomation# 
2018-02-08 14:09:46 - [INFO] - [Log.doLogger()] - WebAutomation.runSingleWebAutomation# /#80 : CM_FF_SI_IPP_0800 out of 95>
2018-02-08 14:09:46 - [INFO] - [Log.doLogger()] - WebAutomation.runSingleWebAutomation < #81 : CM_FF_SI_IPP_0810 out of 95
2018-02-08 14:09:46 - [INFO] - [Log.doLogger()] - WebAutomation.initWebAutomation
2018-02-08 14:09:46 - [INFO] - [Log.doLogger()] - WebAutomation.initWebAutomation# 
2018-02-08 14:09:46 - [INFO] - [Log.doLogger()] - WebAutomation.runSingleWebAutomation# /#81 : CM_FF_SI_IPP_0810 out of 95>
2018-02-08 14:09:46 - [INFO] - [Log.doLogger()] - WebAutomation.runSingleWebAutomation < #82 : CM_FF_SI_IPP_0820 out of 95
2018-02-08 14:09:46 - [INFO] - [Log.doLogger()] - WebAutomation.initWebAutomation
2018-02-08 14:09:46 - [INFO] - [Log.doLogger()] - WebAutomation.initWebAutomation# 
2018-02-08 14:09:46 - [INFO] - [Log.doLogger()] - WebAutomation.runSingleWebAutomation# /#82 : CM_FF_SI_IPP_0820 out of 95>
2018-02-08 14:09:46 - [INFO] - [Log.doLogger()] - WebAutomation.runSingleWebAutomation < #83 : CM_FF_SI_IPP_0830 out of 95
2018-02-08 14:09:46 - [INFO] - [Log.doLogger()] - WebAutomation.initWebAutomation
2018-02-08 14:09:46 - [INFO] - [Log.doLogger()] - WebAutomation.initWebAutomation# 
2018-02-08 14:09:46 - [INFO] - [Log.doLogger()] - WebAutomation.runSingleWebAutomation# /#83 : CM_FF_SI_IPP_0830 out of 95>
2018-02-08 14:09:46 - [INFO] - [Log.doLogger()] - WebAutomation.runSingleWebAutomation < #84 : CM_FF_SI_IPP_0840 out of 95
2018-02-08 14:09:46 - [INFO] - [Log.doLogger()] - WebAutomation.initWebAutomation
2018-02-08 14:09:46 - [INFO] - [Log.doLogger()] - WebAutomation.initWebAutomation# 
2018-02-08 14:09:46 - [INFO] - [Log.doLogger()] - WebAutomation.runSingleWebAutomation# /#84 : CM_FF_SI_IPP_0840 out of 95>
2018-02-08 14:09:46 - [INFO] - [Log.doLogger()] - WebAutomation.runSingleWebAutomation < #85 : CM_FF_SI_IPP_0850 out of 95
2018-02-08 14:09:46 - [INFO] - [Log.doLogger()] - WebAutomation.initWebAutomation
2018-02-08 14:09:46 - [INFO] - [Log.doLogger()] - WebAutomation.initWebAutomation# 
2018-02-08 14:09:46 - [INFO] - [Log.doLogger()] - WebAutomation.runSingleWebAutomation# /#85 : CM_FF_SI_IPP_0850 out of 95>
2018-02-08 14:09:46 - [INFO] - [Log.doLogger()] - WebAutomation.runSingleWebAutomation < #86 : CM_FF_SI_IPP_0860 out of 95
2018-02-08 14:09:46 - [INFO] - [Log.doLogger()] - WebAutomation.initWebAutomation
2018-02-08 14:09:46 - [INFO] - [Log.doLogger()] - WebAutomation.initWebAutomation# 
2018-02-08 14:09:46 - [INFO] - [Log.doLogger()] - WebAutomation.runSingleWebAutomation# /#86 : CM_FF_SI_IPP_0860 out of 95>
2018-02-08 14:09:46 - [INFO] - [Log.doLogger()] - WebAutomation.runSingleWebAutomation < #87 : CM_FF_SI_IPP_0471 out of 95
2018-02-08 14:09:46 - [INFO] - [Log.doLogger()] - WebAutomation.initWebAutomation
2018-02-08 14:09:46 - [INFO] - [Log.doLogger()] - WebAutomation.initWebAutomation# 
2018-02-08 14:09:46 - [INFO] - [Log.doLogger()] - WebAutomation.runSingleWebAutomation# /#87 : CM_FF_SI_IPP_0471 out of 95>
2018-02-08 14:09:46 - [INFO] - [Log.doLogger()] - WebAutomation.runSingleWebAutomation < #88 : CM_FF_SI_IPP_0091 out of 95
2018-02-08 14:09:46 - [INFO] - [Log.doLogger()] - WebAutomation.initWebAutomation
2018-02-08 14:09:46 - [INFO] - [Log.doLogger()] - WebAutomation.initWebAutomation# 
2018-02-08 14:09:46 - [INFO] - [Log.doLogger()] - WebAutomation.runSingleWebAutomation# /#88 : CM_FF_SI_IPP_0091 out of 95>
2018-02-08 14:09:46 - [INFO] - [Log.doLogger()] - WebAutomation.runSingleWebAutomation < #89 : CM_FF_SI_IPP_0472 out of 95
2018-02-08 14:09:46 - [INFO] - [Log.doLogger()] - WebAutomation.initWebAutomation
2018-02-08 14:09:46 - [INFO] - [Log.doLogger()] - WebAutomation.initWebAutomation# 
2018-02-08 14:09:46 - [INFO] - [Log.doLogger()] - WebAutomation.runSingleWebAutomation# /#89 : CM_FF_SI_IPP_0472 out of 95>
2018-02-08 14:09:46 - [INFO] - [Log.doLogger()] - WebAutomation.runSingleWebAutomation < #90 : CM_FF_SI_IPP_0092 out of 95
2018-02-08 14:09:46 - [INFO] - [Log.doLogger()] - WebAutomation.initWebAutomation
2018-02-08 14:09:46 - [INFO] - [Log.doLogger()] - WebAutomation.initWebAutomation# 
2018-02-08 14:09:46 - [INFO] - [Log.doLogger()] - WebAutomation.runSingleWebAutomation# /#90 : CM_FF_SI_IPP_0092 out of 95>
2018-02-08 14:09:46 - [INFO] - [Log.doLogger()] - WebAutomation.runSingleWebAutomation < #91 : CM_FF_SI_IPP_0401 out of 95
2018-02-08 14:09:46 - [INFO] - [Log.doLogger()] - WebAutomation.initWebAutomation
2018-02-08 14:09:46 - [INFO] - [Log.doLogger()] - WebAutomation.initWebAutomation# 
2018-02-08 14:09:46 - [INFO] - [Log.doLogger()] - WebAutomation.runSingleWebAutomation# /#91 : CM_FF_SI_IPP_0401 out of 95>
2018-02-08 14:09:46 - [INFO] - [Log.doLogger()] - WebAutomation.runSingleWebAutomation < #92 : CM_FF_SI_IPP_0411 out of 95
2018-02-08 14:09:46 - [INFO] - [Log.doLogger()] - WebAutomation.initWebAutomation
2018-02-08 14:09:46 - [INFO] - [Log.doLogger()] - WebAutomation.initWebAutomation# 
2018-02-08 14:09:46 - [INFO] - [Log.doLogger()] - WebAutomation.runSingleWebAutomation# /#92 : CM_FF_SI_IPP_0411 out of 95>
2018-02-08 14:09:46 - [INFO] - [Log.doLogger()] - WebAutomation.runSingleWebAutomation < #93 : CM_FF_SI_IPP_0421 out of 95
2018-02-08 14:09:46 - [INFO] - [Log.doLogger()] - WebAutomation.initWebAutomation
2018-02-08 14:09:46 - [INFO] - [Log.doLogger()] - WebAutomation.initWebAutomation# 
2018-02-08 14:09:46 - [INFO] - [Log.doLogger()] - WebAutomation.runSingleWebAutomation# /#93 : CM_FF_SI_IPP_0421 out of 95>
2018-02-08 14:09:46 - [INFO] - [Log.doLogger()] - WebAutomation.runSingleWebAutomation < #94 : CM_FF_SI_IPP_0431 out of 95
2018-02-08 14:09:46 - [INFO] - [Log.doLogger()] - WebAutomation.initWebAutomation
2018-02-08 14:09:46 - [INFO] - [Log.doLogger()] - WebAutomation.initWebAutomation# 
2018-02-08 14:09:46 - [INFO] - [Log.doLogger()] - WebAutomation.runSingleWebAutomation# /#94 : CM_FF_SI_IPP_0431 out of 95>
2018-02-08 14:09:46 - [INFO] - [Log.doLogger()] - WebAutomation.runSingleWebAutomation < #95 : CM_FF_SI_IPP_0441 out of 95
2018-02-08 14:09:46 - [INFO] - [Log.doLogger()] - WebAutomation.initWebAutomation
2018-02-08 14:09:46 - [INFO] - [Log.doLogger()] - WebAutomation.initWebAutomation# 
2018-02-08 14:09:46 - [INFO] - [Log.doLogger()] - WebAutomation.runSingleWebAutomation# /#95 : CM_FF_SI_IPP_0441 out of 95>
2018-02-08 14:09:46 - [INFO] - [Log.doLogger()] - WebAutomation.runWebAutomation# 
2018-02-08 14:09:46 - [INFO] - [Log.doLogger()] - Main.main# 
