2018-02-08 12:57:16 - [INFO] - [Log.doLogger()] - Main.initiateLog# 
2018-02-08 12:57:16 - [INFO] - [Log.doLogger()] - Main.initMain# 
2018-02-08 12:57:16 - [INFO] - [Log.doLogger()] - TestScript.prepareTestScripts - 1 TotalTestScriptFiles
2018-02-08 12:57:16 - [INFO] - [Log.doLogger()] - TestScript.loadTestScript - C:\Wihemdra\Project\APP\04 DEVELOPMENT\TestScript\IPP_CMFFSI_v3.6c.xlsx
2018-02-08 12:57:19 - [INFO] - [Log.doLogger()] - TestScript.loadTestScript# 448 Step
2018-02-08 12:57:19 - [INFO] - [Log.doLogger()] - TestScript.loadTestData
2018-02-08 12:57:21 - [INFO] - [Log.doLogger()] - TestScript.loadTestData# 95 Row
2018-02-08 12:57:21 - [INFO] - [Log.doLogger()] - TestScript.prepareTestScripts# 95 FinalTestScript
2018-02-08 12:57:21 - [INFO] - [Log.doLogger()] - WebAutomation.runWebAutomation
2018-02-08 12:57:21 - [INFO] - [Log.doLogger()] - WebAutomation.runSingleWebAutomation < #1 : CM_FF_SI_IPP_0441 out of 95
2018-02-08 12:57:21 - [INFO] - [Log.doLogger()] - WebAutomation.initWebAutomation
2018-02-08 12:57:21 - [INFO] - [Log.doLogger()] - WebAutomation.initWebAutomation# 
2018-02-08 12:57:21 - [INFO] - [Log.doLogger()] - WebAutomation.runSingleWebAutomation# /#1 : CM_FF_SI_IPP_0441 out of 95>
2018-02-08 12:57:21 - [INFO] - [Log.doLogger()] - WebAutomation.runSingleWebAutomation < #2 : CM_FF_SI_IPP_0441 out of 95
2018-02-08 12:57:21 - [INFO] - [Log.doLogger()] - WebAutomation.initWebAutomation
2018-02-08 12:57:21 - [INFO] - [Log.doLogger()] - WebAutomation.initWebAutomation# 
2018-02-08 12:57:21 - [INFO] - [Log.doLogger()] - WebAutomation.runSingleWebAutomation# /#2 : CM_FF_SI_IPP_0441 out of 95>
2018-02-08 12:57:21 - [INFO] - [Log.doLogger()] - WebAutomation.runSingleWebAutomation < #3 : CM_FF_SI_IPP_0441 out of 95
2018-02-08 12:57:21 - [INFO] - [Log.doLogger()] - WebAutomation.initWebAutomation
2018-02-08 12:57:21 - [INFO] - [Log.doLogger()] - WebAutomation.initWebAutomation# 
2018-02-08 12:57:21 - [INFO] - [Log.doLogger()] - WebAutomation.runSingleWebAutomation# /#3 : CM_FF_SI_IPP_0441 out of 95>
2018-02-08 12:57:21 - [INFO] - [Log.doLogger()] - WebAutomation.runSingleWebAutomation < #4 : CM_FF_SI_IPP_0441 out of 95
2018-02-08 12:57:21 - [INFO] - [Log.doLogger()] - WebAutomation.initWebAutomation
2018-02-08 12:57:21 - [INFO] - [Log.doLogger()] - WebAutomation.initWebAutomation# 
2018-02-08 12:57:21 - [INFO] - [Log.doLogger()] - WebAutomation.runSingleWebAutomation# /#4 : CM_FF_SI_IPP_0441 out of 95>
2018-02-08 12:57:21 - [INFO] - [Log.doLogger()] - WebAutomation.runSingleWebAutomation < #5 : CM_FF_SI_IPP_0441 out of 95
2018-02-08 12:57:21 - [INFO] - [Log.doLogger()] - WebAutomation.initWebAutomation
2018-02-08 12:57:21 - [INFO] - [Log.doLogger()] - WebAutomation.initWebAutomation# 
2018-02-08 12:57:21 - [INFO] - [Log.doLogger()] - WebAutomation.runSingleWebAutomation# /#5 : CM_FF_SI_IPP_0441 out of 95>
2018-02-08 12:57:21 - [INFO] - [Log.doLogger()] - WebAutomation.runSingleWebAutomation < #6 : CM_FF_SI_IPP_0441 out of 95
2018-02-08 12:57:21 - [INFO] - [Log.doLogger()] - WebAutomation.initWebAutomation
2018-02-08 12:57:21 - [INFO] - [Log.doLogger()] - WebAutomation.initWebAutomation# 
2018-02-08 12:57:21 - [INFO] - [Log.doLogger()] - WebAutomation.runSingleWebAutomation# /#6 : CM_FF_SI_IPP_0441 out of 95>
2018-02-08 12:57:21 - [INFO] - [Log.doLogger()] - WebAutomation.runSingleWebAutomation < #7 : CM_FF_SI_IPP_0441 out of 95
2018-02-08 12:57:21 - [INFO] - [Log.doLogger()] - WebAutomation.initWebAutomation
2018-02-08 12:57:21 - [INFO] - [Log.doLogger()] - WebAutomation.initWebAutomation# 
2018-02-08 12:57:21 - [INFO] - [Log.doLogger()] - WebAutomation.runSingleWebAutomation# /#7 : CM_FF_SI_IPP_0441 out of 95>
2018-02-08 12:57:21 - [INFO] - [Log.doLogger()] - WebAutomation.runSingleWebAutomation < #8 : CM_FF_SI_IPP_0441 out of 95
2018-02-08 12:57:21 - [INFO] - [Log.doLogger()] - WebAutomation.initWebAutomation
2018-02-08 12:57:21 - [INFO] - [Log.doLogger()] - WebAutomation.initWebAutomation# 
2018-02-08 12:57:21 - [INFO] - [Log.doLogger()] - WebAutomation.runSingleWebAutomation# /#8 : CM_FF_SI_IPP_0441 out of 95>
2018-02-08 12:57:21 - [INFO] - [Log.doLogger()] - WebAutomation.runSingleWebAutomation < #9 : CM_FF_SI_IPP_0441 out of 95
2018-02-08 12:57:21 - [INFO] - [Log.doLogger()] - WebAutomation.initWebAutomation
2018-02-08 12:57:21 - [INFO] - [Log.doLogger()] - WebAutomation.initWebAutomation# 
2018-02-08 12:57:21 - [INFO] - [Log.doLogger()] - WebAutomation.runSingleWebAutomation# /#9 : CM_FF_SI_IPP_0441 out of 95>
2018-02-08 12:57:21 - [INFO] - [Log.doLogger()] - WebAutomation.runSingleWebAutomation < #10 : CM_FF_SI_IPP_0441 out of 95
2018-02-08 12:57:21 - [INFO] - [Log.doLogger()] - WebAutomation.initWebAutomation
2018-02-08 12:57:21 - [INFO] - [Log.doLogger()] - WebAutomation.initWebAutomation# 
2018-02-08 12:57:21 - [INFO] - [Log.doLogger()] - WebAutomation.runSingleWebAutomation# /#10 : CM_FF_SI_IPP_0441 out of 95>
2018-02-08 12:57:21 - [INFO] - [Log.doLogger()] - WebAutomation.runSingleWebAutomation < #11 : CM_FF_SI_IPP_0441 out of 95
2018-02-08 12:57:21 - [INFO] - [Log.doLogger()] - WebAutomation.initWebAutomation
2018-02-08 12:57:21 - [INFO] - [Log.doLogger()] - WebAutomation.initWebAutomation# 
2018-02-08 12:57:21 - [INFO] - [Log.doLogger()] - WebAutomation.runSingleWebAutomation# /#11 : CM_FF_SI_IPP_0441 out of 95>
2018-02-08 12:57:21 - [INFO] - [Log.doLogger()] - WebAutomation.runSingleWebAutomation < #12 : CM_FF_SI_IPP_0441 out of 95
2018-02-08 12:57:21 - [INFO] - [Log.doLogger()] - WebAutomation.initWebAutomation
2018-02-08 12:57:21 - [INFO] - [Log.doLogger()] - WebAutomation.initWebAutomation# 
2018-02-08 12:57:21 - [INFO] - [Log.doLogger()] - WebAutomation.runSingleWebAutomation# /#12 : CM_FF_SI_IPP_0441 out of 95>
2018-02-08 12:57:21 - [INFO] - [Log.doLogger()] - WebAutomation.runSingleWebAutomation < #13 : CM_FF_SI_IPP_0441 out of 95
2018-02-08 12:57:21 - [INFO] - [Log.doLogger()] - WebAutomation.initWebAutomation
2018-02-08 12:57:21 - [INFO] - [Log.doLogger()] - WebAutomation.initWebAutomation# 
2018-02-08 12:57:21 - [INFO] - [Log.doLogger()] - WebAutomation.runSingleWebAutomation# /#13 : CM_FF_SI_IPP_0441 out of 95>
2018-02-08 12:57:21 - [INFO] - [Log.doLogger()] - WebAutomation.runSingleWebAutomation < #14 : CM_FF_SI_IPP_0441 out of 95
2018-02-08 12:57:21 - [INFO] - [Log.doLogger()] - WebAutomation.initWebAutomation
2018-02-08 12:57:21 - [INFO] - [Log.doLogger()] - WebAutomation.initWebAutomation# 
2018-02-08 12:57:21 - [INFO] - [Log.doLogger()] - WebAutomation.runSingleWebAutomation# /#14 : CM_FF_SI_IPP_0441 out of 95>
2018-02-08 12:57:21 - [INFO] - [Log.doLogger()] - WebAutomation.runSingleWebAutomation < #15 : CM_FF_SI_IPP_0441 out of 95
2018-02-08 12:57:21 - [INFO] - [Log.doLogger()] - WebAutomation.initWebAutomation
2018-02-08 12:57:21 - [INFO] - [Log.doLogger()] - WebAutomation.initWebAutomation# 
2018-02-08 12:57:21 - [INFO] - [Log.doLogger()] - WebAutomation.runSingleWebAutomation# /#15 : CM_FF_SI_IPP_0441 out of 95>
2018-02-08 12:57:21 - [INFO] - [Log.doLogger()] - WebAutomation.runSingleWebAutomation < #16 : CM_FF_SI_IPP_0441 out of 95
2018-02-08 12:57:21 - [INFO] - [Log.doLogger()] - WebAutomation.initWebAutomation
2018-02-08 12:57:21 - [INFO] - [Log.doLogger()] - WebAutomation.initWebAutomation# 
2018-02-08 12:57:21 - [INFO] - [Log.doLogger()] - WebAutomation.runSingleWebAutomation# /#16 : CM_FF_SI_IPP_0441 out of 95>
2018-02-08 12:57:21 - [INFO] - [Log.doLogger()] - WebAutomation.runSingleWebAutomation < #17 : CM_FF_SI_IPP_0441 out of 95
2018-02-08 12:57:21 - [INFO] - [Log.doLogger()] - WebAutomation.initWebAutomation
2018-02-08 12:57:21 - [INFO] - [Log.doLogger()] - WebAutomation.initWebAutomation# 
2018-02-08 12:57:21 - [INFO] - [Log.doLogger()] - WebAutomation.runSingleWebAutomation# /#17 : CM_FF_SI_IPP_0441 out of 95>
2018-02-08 12:57:21 - [INFO] - [Log.doLogger()] - WebAutomation.runSingleWebAutomation < #18 : CM_FF_SI_IPP_0441 out of 95
2018-02-08 12:57:21 - [INFO] - [Log.doLogger()] - WebAutomation.initWebAutomation
2018-02-08 12:57:21 - [INFO] - [Log.doLogger()] - WebAutomation.initWebAutomation# 
2018-02-08 12:57:21 - [INFO] - [Log.doLogger()] - WebAutomation.runSingleWebAutomation# /#18 : CM_FF_SI_IPP_0441 out of 95>
2018-02-08 12:57:21 - [INFO] - [Log.doLogger()] - WebAutomation.runSingleWebAutomation < #19 : CM_FF_SI_IPP_0441 out of 95
2018-02-08 12:57:21 - [INFO] - [Log.doLogger()] - WebAutomation.initWebAutomation
2018-02-08 12:57:21 - [INFO] - [Log.doLogger()] - WebAutomation.initWebAutomation# 
2018-02-08 12:57:21 - [INFO] - [Log.doLogger()] - WebAutomation.runSingleWebAutomation# /#19 : CM_FF_SI_IPP_0441 out of 95>
2018-02-08 12:57:21 - [INFO] - [Log.doLogger()] - WebAutomation.runSingleWebAutomation < #20 : CM_FF_SI_IPP_0441 out of 95
2018-02-08 12:57:21 - [INFO] - [Log.doLogger()] - WebAutomation.initWebAutomation
2018-02-08 12:57:21 - [INFO] - [Log.doLogger()] - WebAutomation.initWebAutomation# 
2018-02-08 12:57:21 - [INFO] - [Log.doLogger()] - WebAutomation.runSingleWebAutomation# /#20 : CM_FF_SI_IPP_0441 out of 95>
2018-02-08 12:57:21 - [INFO] - [Log.doLogger()] - WebAutomation.runSingleWebAutomation < #21 : CM_FF_SI_IPP_0441 out of 95
2018-02-08 12:57:21 - [INFO] - [Log.doLogger()] - WebAutomation.initWebAutomation
2018-02-08 12:57:21 - [INFO] - [Log.doLogger()] - WebAutomation.initWebAutomation# 
2018-02-08 12:57:21 - [INFO] - [Log.doLogger()] - WebAutomation.runSingleWebAutomation# /#21 : CM_FF_SI_IPP_0441 out of 95>
2018-02-08 12:57:21 - [INFO] - [Log.doLogger()] - WebAutomation.runSingleWebAutomation < #22 : CM_FF_SI_IPP_0441 out of 95
2018-02-08 12:57:21 - [INFO] - [Log.doLogger()] - WebAutomation.initWebAutomation
2018-02-08 12:57:21 - [INFO] - [Log.doLogger()] - WebAutomation.initWebAutomation# 
2018-02-08 12:57:21 - [INFO] - [Log.doLogger()] - WebAutomation.runSingleWebAutomation# /#22 : CM_FF_SI_IPP_0441 out of 95>
2018-02-08 12:57:21 - [INFO] - [Log.doLogger()] - WebAutomation.runSingleWebAutomation < #23 : CM_FF_SI_IPP_0441 out of 95
2018-02-08 12:57:21 - [INFO] - [Log.doLogger()] - WebAutomation.initWebAutomation
2018-02-08 12:57:21 - [INFO] - [Log.doLogger()] - WebAutomation.initWebAutomation# 
2018-02-08 12:57:21 - [INFO] - [Log.doLogger()] - WebAutomation.runSingleWebAutomation# /#23 : CM_FF_SI_IPP_0441 out of 95>
2018-02-08 12:57:21 - [INFO] - [Log.doLogger()] - WebAutomation.runSingleWebAutomation < #24 : CM_FF_SI_IPP_0441 out of 95
2018-02-08 12:57:21 - [INFO] - [Log.doLogger()] - WebAutomation.initWebAutomation
2018-02-08 12:57:21 - [INFO] - [Log.doLogger()] - WebAutomation.initWebAutomation# 
2018-02-08 12:57:21 - [INFO] - [Log.doLogger()] - WebAutomation.runSingleWebAutomation# /#24 : CM_FF_SI_IPP_0441 out of 95>
2018-02-08 12:57:21 - [INFO] - [Log.doLogger()] - WebAutomation.runSingleWebAutomation < #25 : CM_FF_SI_IPP_0441 out of 95
2018-02-08 12:57:21 - [INFO] - [Log.doLogger()] - WebAutomation.initWebAutomation
2018-02-08 12:57:21 - [INFO] - [Log.doLogger()] - WebAutomation.initWebAutomation# 
2018-02-08 12:57:21 - [INFO] - [Log.doLogger()] - WebAutomation.runSingleWebAutomation# /#25 : CM_FF_SI_IPP_0441 out of 95>
2018-02-08 12:57:21 - [INFO] - [Log.doLogger()] - WebAutomation.runSingleWebAutomation < #26 : CM_FF_SI_IPP_0441 out of 95
2018-02-08 12:57:21 - [INFO] - [Log.doLogger()] - WebAutomation.initWebAutomation
2018-02-08 12:57:21 - [INFO] - [Log.doLogger()] - WebAutomation.initWebAutomation# 
2018-02-08 12:57:21 - [INFO] - [Log.doLogger()] - WebAutomation.runSingleWebAutomation# /#26 : CM_FF_SI_IPP_0441 out of 95>
2018-02-08 12:57:21 - [INFO] - [Log.doLogger()] - WebAutomation.runSingleWebAutomation < #27 : CM_FF_SI_IPP_0441 out of 95
2018-02-08 12:57:21 - [INFO] - [Log.doLogger()] - WebAutomation.initWebAutomation
2018-02-08 12:57:21 - [INFO] - [Log.doLogger()] - WebAutomation.initWebAutomation# 
2018-02-08 12:57:21 - [INFO] - [Log.doLogger()] - WebAutomation.runSingleWebAutomation# /#27 : CM_FF_SI_IPP_0441 out of 95>
2018-02-08 12:57:21 - [INFO] - [Log.doLogger()] - WebAutomation.runSingleWebAutomation < #28 : CM_FF_SI_IPP_0441 out of 95
2018-02-08 12:57:21 - [INFO] - [Log.doLogger()] - WebAutomation.initWebAutomation
2018-02-08 12:57:21 - [INFO] - [Log.doLogger()] - WebAutomation.initWebAutomation# 
2018-02-08 12:57:21 - [INFO] - [Log.doLogger()] - WebAutomation.runSingleWebAutomation# /#28 : CM_FF_SI_IPP_0441 out of 95>
2018-02-08 12:57:21 - [INFO] - [Log.doLogger()] - WebAutomation.runSingleWebAutomation < #29 : CM_FF_SI_IPP_0441 out of 95
2018-02-08 12:57:21 - [INFO] - [Log.doLogger()] - WebAutomation.initWebAutomation
2018-02-08 12:57:21 - [INFO] - [Log.doLogger()] - WebAutomation.initWebAutomation# 
2018-02-08 12:57:21 - [INFO] - [Log.doLogger()] - WebAutomation.runSingleWebAutomation# /#29 : CM_FF_SI_IPP_0441 out of 95>
2018-02-08 12:57:21 - [INFO] - [Log.doLogger()] - WebAutomation.runSingleWebAutomation < #30 : CM_FF_SI_IPP_0441 out of 95
2018-02-08 12:57:21 - [INFO] - [Log.doLogger()] - WebAutomation.initWebAutomation
2018-02-08 12:57:21 - [INFO] - [Log.doLogger()] - WebAutomation.initWebAutomation# 
2018-02-08 12:57:21 - [INFO] - [Log.doLogger()] - WebAutomation.runSingleWebAutomation# /#30 : CM_FF_SI_IPP_0441 out of 95>
2018-02-08 12:57:21 - [INFO] - [Log.doLogger()] - WebAutomation.runSingleWebAutomation < #31 : CM_FF_SI_IPP_0441 out of 95
2018-02-08 12:57:21 - [INFO] - [Log.doLogger()] - WebAutomation.initWebAutomation
2018-02-08 12:57:21 - [INFO] - [Log.doLogger()] - WebAutomation.initWebAutomation# 
2018-02-08 12:57:21 - [INFO] - [Log.doLogger()] - WebAutomation.runSingleWebAutomation# /#31 : CM_FF_SI_IPP_0441 out of 95>
2018-02-08 12:57:21 - [INFO] - [Log.doLogger()] - WebAutomation.runSingleWebAutomation < #32 : CM_FF_SI_IPP_0441 out of 95
2018-02-08 12:57:21 - [INFO] - [Log.doLogger()] - WebAutomation.initWebAutomation
2018-02-08 12:57:21 - [INFO] - [Log.doLogger()] - WebAutomation.initWebAutomation# 
2018-02-08 12:57:21 - [INFO] - [Log.doLogger()] - WebAutomation.runSingleWebAutomation# /#32 : CM_FF_SI_IPP_0441 out of 95>
2018-02-08 12:57:21 - [INFO] - [Log.doLogger()] - WebAutomation.runSingleWebAutomation < #33 : CM_FF_SI_IPP_0441 out of 95
2018-02-08 12:57:21 - [INFO] - [Log.doLogger()] - WebAutomation.initWebAutomation
2018-02-08 12:57:21 - [INFO] - [Log.doLogger()] - WebAutomation.initWebAutomation# 
2018-02-08 12:57:21 - [INFO] - [Log.doLogger()] - WebAutomation.runSingleWebAutomation# /#33 : CM_FF_SI_IPP_0441 out of 95>
2018-02-08 12:57:21 - [INFO] - [Log.doLogger()] - WebAutomation.runSingleWebAutomation < #34 : CM_FF_SI_IPP_0441 out of 95
2018-02-08 12:57:21 - [INFO] - [Log.doLogger()] - WebAutomation.initWebAutomation
2018-02-08 12:57:21 - [INFO] - [Log.doLogger()] - WebAutomation.initWebAutomation# 
2018-02-08 12:57:21 - [INFO] - [Log.doLogger()] - WebAutomation.runSingleWebAutomation# /#34 : CM_FF_SI_IPP_0441 out of 95>
2018-02-08 12:57:21 - [INFO] - [Log.doLogger()] - WebAutomation.runSingleWebAutomation < #35 : CM_FF_SI_IPP_0441 out of 95
2018-02-08 12:57:21 - [INFO] - [Log.doLogger()] - WebAutomation.initWebAutomation
2018-02-08 12:57:21 - [INFO] - [Log.doLogger()] - WebAutomation.initWebAutomation# 
2018-02-08 12:57:21 - [INFO] - [Log.doLogger()] - WebAutomation.runSingleWebAutomation# /#35 : CM_FF_SI_IPP_0441 out of 95>
2018-02-08 12:57:21 - [INFO] - [Log.doLogger()] - WebAutomation.runSingleWebAutomation < #36 : CM_FF_SI_IPP_0441 out of 95
2018-02-08 12:57:21 - [INFO] - [Log.doLogger()] - WebAutomation.initWebAutomation
2018-02-08 12:57:21 - [INFO] - [Log.doLogger()] - WebAutomation.initWebAutomation# 
2018-02-08 12:57:21 - [INFO] - [Log.doLogger()] - WebAutomation.runSingleWebAutomation# /#36 : CM_FF_SI_IPP_0441 out of 95>
2018-02-08 12:57:21 - [INFO] - [Log.doLogger()] - WebAutomation.runSingleWebAutomation < #37 : CM_FF_SI_IPP_0441 out of 95
2018-02-08 12:57:21 - [INFO] - [Log.doLogger()] - WebAutomation.initWebAutomation
2018-02-08 12:57:21 - [INFO] - [Log.doLogger()] - WebAutomation.initWebAutomation# 
2018-02-08 12:57:21 - [INFO] - [Log.doLogger()] - WebAutomation.runSingleWebAutomation# /#37 : CM_FF_SI_IPP_0441 out of 95>
2018-02-08 12:57:21 - [INFO] - [Log.doLogger()] - WebAutomation.runSingleWebAutomation < #38 : CM_FF_SI_IPP_0441 out of 95
2018-02-08 12:57:21 - [INFO] - [Log.doLogger()] - WebAutomation.initWebAutomation
2018-02-08 12:57:21 - [INFO] - [Log.doLogger()] - WebAutomation.initWebAutomation# 
2018-02-08 12:57:21 - [INFO] - [Log.doLogger()] - WebAutomation.runSingleWebAutomation# /#38 : CM_FF_SI_IPP_0441 out of 95>
2018-02-08 12:57:21 - [INFO] - [Log.doLogger()] - WebAutomation.runSingleWebAutomation < #39 : CM_FF_SI_IPP_0441 out of 95
2018-02-08 12:57:21 - [INFO] - [Log.doLogger()] - WebAutomation.initWebAutomation
2018-02-08 12:57:21 - [INFO] - [Log.doLogger()] - WebAutomation.initWebAutomation# 
2018-02-08 12:57:21 - [INFO] - [Log.doLogger()] - WebAutomation.runSingleWebAutomation# /#39 : CM_FF_SI_IPP_0441 out of 95>
2018-02-08 12:57:21 - [INFO] - [Log.doLogger()] - WebAutomation.runSingleWebAutomation < #40 : CM_FF_SI_IPP_0441 out of 95
2018-02-08 12:57:21 - [INFO] - [Log.doLogger()] - WebAutomation.initWebAutomation
2018-02-08 12:57:21 - [INFO] - [Log.doLogger()] - WebAutomation.initWebAutomation# 
2018-02-08 12:57:21 - [INFO] - [Log.doLogger()] - WebAutomation.runSingleWebAutomation# /#40 : CM_FF_SI_IPP_0441 out of 95>
2018-02-08 12:57:21 - [INFO] - [Log.doLogger()] - WebAutomation.runSingleWebAutomation < #41 : CM_FF_SI_IPP_0441 out of 95
2018-02-08 12:57:21 - [INFO] - [Log.doLogger()] - WebAutomation.initWebAutomation
2018-02-08 12:57:21 - [INFO] - [Log.doLogger()] - WebAutomation.initWebAutomation# 
2018-02-08 12:57:21 - [INFO] - [Log.doLogger()] - WebAutomation.runSingleWebAutomation# /#41 : CM_FF_SI_IPP_0441 out of 95>
2018-02-08 12:57:21 - [INFO] - [Log.doLogger()] - WebAutomation.runSingleWebAutomation < #42 : CM_FF_SI_IPP_0441 out of 95
2018-02-08 12:57:21 - [INFO] - [Log.doLogger()] - WebAutomation.initWebAutomation
2018-02-08 12:57:21 - [INFO] - [Log.doLogger()] - WebAutomation.initWebAutomation# 
2018-02-08 12:57:21 - [INFO] - [Log.doLogger()] - WebAutomation.runSingleWebAutomation# /#42 : CM_FF_SI_IPP_0441 out of 95>
2018-02-08 12:57:21 - [INFO] - [Log.doLogger()] - WebAutomation.runSingleWebAutomation < #43 : CM_FF_SI_IPP_0441 out of 95
2018-02-08 12:57:21 - [INFO] - [Log.doLogger()] - WebAutomation.initWebAutomation
2018-02-08 12:57:21 - [INFO] - [Log.doLogger()] - WebAutomation.initWebAutomation# 
2018-02-08 12:57:21 - [INFO] - [Log.doLogger()] - WebAutomation.runSingleWebAutomation# /#43 : CM_FF_SI_IPP_0441 out of 95>
2018-02-08 12:57:21 - [INFO] - [Log.doLogger()] - WebAutomation.runSingleWebAutomation < #44 : CM_FF_SI_IPP_0441 out of 95
2018-02-08 12:57:21 - [INFO] - [Log.doLogger()] - WebAutomation.initWebAutomation
2018-02-08 12:57:21 - [INFO] - [Log.doLogger()] - WebAutomation.initWebAutomation# 
2018-02-08 12:57:21 - [INFO] - [Log.doLogger()] - WebAutomation.runSingleWebAutomation# /#44 : CM_FF_SI_IPP_0441 out of 95>
2018-02-08 12:57:21 - [INFO] - [Log.doLogger()] - WebAutomation.runSingleWebAutomation < #45 : CM_FF_SI_IPP_0441 out of 95
2018-02-08 12:57:21 - [INFO] - [Log.doLogger()] - WebAutomation.initWebAutomation
2018-02-08 12:57:21 - [INFO] - [Log.doLogger()] - WebAutomation.initWebAutomation# 
2018-02-08 12:57:21 - [INFO] - [Log.doLogger()] - WebAutomation.runSingleWebAutomation# /#45 : CM_FF_SI_IPP_0441 out of 95>
2018-02-08 12:57:21 - [INFO] - [Log.doLogger()] - WebAutomation.runSingleWebAutomation < #46 : CM_FF_SI_IPP_0441 out of 95
2018-02-08 12:57:21 - [INFO] - [Log.doLogger()] - WebAutomation.initWebAutomation
2018-02-08 12:57:21 - [INFO] - [Log.doLogger()] - WebAutomation.initWebAutomation# 
2018-02-08 12:57:21 - [INFO] - [Log.doLogger()] - WebAutomation.runSingleWebAutomation# /#46 : CM_FF_SI_IPP_0441 out of 95>
2018-02-08 12:57:21 - [INFO] - [Log.doLogger()] - WebAutomation.runSingleWebAutomation < #47 : CM_FF_SI_IPP_0441 out of 95
2018-02-08 12:57:21 - [INFO] - [Log.doLogger()] - WebAutomation.initWebAutomation
2018-02-08 12:57:21 - [INFO] - [Log.doLogger()] - WebAutomation.initWebAutomation# 
2018-02-08 12:57:21 - [INFO] - [Log.doLogger()] - WebAutomation.runSingleWebAutomation# /#47 : CM_FF_SI_IPP_0441 out of 95>
2018-02-08 12:57:21 - [INFO] - [Log.doLogger()] - WebAutomation.runSingleWebAutomation < #48 : CM_FF_SI_IPP_0441 out of 95
2018-02-08 12:57:21 - [INFO] - [Log.doLogger()] - WebAutomation.initWebAutomation
2018-02-08 12:57:21 - [INFO] - [Log.doLogger()] - WebAutomation.initWebAutomation# 
2018-02-08 12:57:21 - [INFO] - [Log.doLogger()] - WebAutomation.runSingleWebAutomation# /#48 : CM_FF_SI_IPP_0441 out of 95>
2018-02-08 12:57:21 - [INFO] - [Log.doLogger()] - WebAutomation.runSingleWebAutomation < #49 : CM_FF_SI_IPP_0441 out of 95
2018-02-08 12:57:21 - [INFO] - [Log.doLogger()] - WebAutomation.initWebAutomation
2018-02-08 12:57:21 - [INFO] - [Log.doLogger()] - WebAutomation.initWebAutomation# 
2018-02-08 12:57:21 - [INFO] - [Log.doLogger()] - WebAutomation.runSingleWebAutomation# /#49 : CM_FF_SI_IPP_0441 out of 95>
2018-02-08 12:57:21 - [INFO] - [Log.doLogger()] - WebAutomation.runSingleWebAutomation < #50 : CM_FF_SI_IPP_0441 out of 95
2018-02-08 12:57:21 - [INFO] - [Log.doLogger()] - WebAutomation.initWebAutomation
2018-02-08 12:57:21 - [INFO] - [Log.doLogger()] - WebAutomation.initWebAutomation# 
2018-02-08 12:57:21 - [INFO] - [Log.doLogger()] - WebAutomation.runSingleWebAutomation# /#50 : CM_FF_SI_IPP_0441 out of 95>
2018-02-08 12:57:21 - [INFO] - [Log.doLogger()] - WebAutomation.runSingleWebAutomation < #51 : CM_FF_SI_IPP_0441 out of 95
2018-02-08 12:57:21 - [INFO] - [Log.doLogger()] - WebAutomation.initWebAutomation
2018-02-08 12:57:21 - [INFO] - [Log.doLogger()] - WebAutomation.initWebAutomation# 
2018-02-08 12:57:21 - [INFO] - [Log.doLogger()] - WebAutomation.runSingleWebAutomation# /#51 : CM_FF_SI_IPP_0441 out of 95>
2018-02-08 12:57:21 - [INFO] - [Log.doLogger()] - WebAutomation.runSingleWebAutomation < #52 : CM_FF_SI_IPP_0441 out of 95
2018-02-08 12:57:21 - [INFO] - [Log.doLogger()] - WebAutomation.initWebAutomation
2018-02-08 12:57:21 - [INFO] - [Log.doLogger()] - WebAutomation.initWebAutomation# 
2018-02-08 12:57:21 - [INFO] - [Log.doLogger()] - WebAutomation.runSingleWebAutomation# /#52 : CM_FF_SI_IPP_0441 out of 95>
2018-02-08 12:57:21 - [INFO] - [Log.doLogger()] - WebAutomation.runSingleWebAutomation < #53 : CM_FF_SI_IPP_0441 out of 95
2018-02-08 12:57:21 - [INFO] - [Log.doLogger()] - WebAutomation.initWebAutomation
2018-02-08 12:57:21 - [INFO] - [Log.doLogger()] - WebAutomation.initWebAutomation# 
2018-02-08 12:57:21 - [INFO] - [Log.doLogger()] - WebAutomation.runSingleWebAutomation# /#53 : CM_FF_SI_IPP_0441 out of 95>
2018-02-08 12:57:21 - [INFO] - [Log.doLogger()] - WebAutomation.runSingleWebAutomation < #54 : CM_FF_SI_IPP_0441 out of 95
2018-02-08 12:57:21 - [INFO] - [Log.doLogger()] - WebAutomation.initWebAutomation
2018-02-08 12:57:21 - [INFO] - [Log.doLogger()] - WebAutomation.initWebAutomation# 
2018-02-08 12:57:21 - [INFO] - [Log.doLogger()] - WebAutomation.runSingleWebAutomation# /#54 : CM_FF_SI_IPP_0441 out of 95>
2018-02-08 12:57:21 - [INFO] - [Log.doLogger()] - WebAutomation.runSingleWebAutomation < #55 : CM_FF_SI_IPP_0441 out of 95
2018-02-08 12:57:21 - [INFO] - [Log.doLogger()] - WebAutomation.initWebAutomation
2018-02-08 12:57:21 - [INFO] - [Log.doLogger()] - WebAutomation.initWebAutomation# 
2018-02-08 12:57:21 - [INFO] - [Log.doLogger()] - WebAutomation.runSingleWebAutomation# /#55 : CM_FF_SI_IPP_0441 out of 95>
2018-02-08 12:57:21 - [INFO] - [Log.doLogger()] - WebAutomation.runSingleWebAutomation < #56 : CM_FF_SI_IPP_0441 out of 95
2018-02-08 12:57:21 - [INFO] - [Log.doLogger()] - WebAutomation.initWebAutomation
2018-02-08 12:57:21 - [INFO] - [Log.doLogger()] - WebAutomation.initWebAutomation# 
2018-02-08 12:57:21 - [INFO] - [Log.doLogger()] - WebAutomation.runSingleWebAutomation# /#56 : CM_FF_SI_IPP_0441 out of 95>
2018-02-08 12:57:21 - [INFO] - [Log.doLogger()] - WebAutomation.runSingleWebAutomation < #57 : CM_FF_SI_IPP_0441 out of 95
2018-02-08 12:57:21 - [INFO] - [Log.doLogger()] - WebAutomation.initWebAutomation
2018-02-08 12:57:21 - [INFO] - [Log.doLogger()] - WebAutomation.initWebAutomation# 
2018-02-08 12:57:21 - [INFO] - [Log.doLogger()] - WebAutomation.runSingleWebAutomation# /#57 : CM_FF_SI_IPP_0441 out of 95>
2018-02-08 12:57:21 - [INFO] - [Log.doLogger()] - WebAutomation.runSingleWebAutomation < #58 : CM_FF_SI_IPP_0441 out of 95
2018-02-08 12:57:21 - [INFO] - [Log.doLogger()] - WebAutomation.initWebAutomation
2018-02-08 12:57:21 - [INFO] - [Log.doLogger()] - WebAutomation.initWebAutomation# 
2018-02-08 12:57:21 - [INFO] - [Log.doLogger()] - WebAutomation.runSingleWebAutomation# /#58 : CM_FF_SI_IPP_0441 out of 95>
2018-02-08 12:57:21 - [INFO] - [Log.doLogger()] - WebAutomation.runSingleWebAutomation < #59 : CM_FF_SI_IPP_0441 out of 95
2018-02-08 12:57:21 - [INFO] - [Log.doLogger()] - WebAutomation.initWebAutomation
2018-02-08 12:57:21 - [INFO] - [Log.doLogger()] - WebAutomation.initWebAutomation# 
2018-02-08 12:57:21 - [INFO] - [Log.doLogger()] - WebAutomation.runSingleWebAutomation# /#59 : CM_FF_SI_IPP_0441 out of 95>
2018-02-08 12:57:21 - [INFO] - [Log.doLogger()] - WebAutomation.runSingleWebAutomation < #60 : CM_FF_SI_IPP_0441 out of 95
2018-02-08 12:57:21 - [INFO] - [Log.doLogger()] - WebAutomation.initWebAutomation
2018-02-08 12:57:21 - [INFO] - [Log.doLogger()] - WebAutomation.initWebAutomation# 
2018-02-08 12:57:21 - [INFO] - [Log.doLogger()] - WebAutomation.runSingleWebAutomation# /#60 : CM_FF_SI_IPP_0441 out of 95>
2018-02-08 12:57:21 - [INFO] - [Log.doLogger()] - WebAutomation.runSingleWebAutomation < #61 : CM_FF_SI_IPP_0441 out of 95
2018-02-08 12:57:21 - [INFO] - [Log.doLogger()] - WebAutomation.initWebAutomation
2018-02-08 12:57:21 - [INFO] - [Log.doLogger()] - WebAutomation.initWebAutomation# 
2018-02-08 12:57:21 - [INFO] - [Log.doLogger()] - WebAutomation.runSingleWebAutomation# /#61 : CM_FF_SI_IPP_0441 out of 95>
2018-02-08 12:57:21 - [INFO] - [Log.doLogger()] - WebAutomation.runSingleWebAutomation < #62 : CM_FF_SI_IPP_0441 out of 95
2018-02-08 12:57:21 - [INFO] - [Log.doLogger()] - WebAutomation.initWebAutomation
2018-02-08 12:57:21 - [INFO] - [Log.doLogger()] - WebAutomation.initWebAutomation# 
2018-02-08 12:57:21 - [INFO] - [Log.doLogger()] - WebAutomation.runSingleWebAutomation# /#62 : CM_FF_SI_IPP_0441 out of 95>
2018-02-08 12:57:21 - [INFO] - [Log.doLogger()] - WebAutomation.runSingleWebAutomation < #63 : CM_FF_SI_IPP_0441 out of 95
2018-02-08 12:57:21 - [INFO] - [Log.doLogger()] - WebAutomation.initWebAutomation
2018-02-08 12:57:21 - [INFO] - [Log.doLogger()] - WebAutomation.initWebAutomation# 
2018-02-08 12:57:21 - [INFO] - [Log.doLogger()] - WebAutomation.runSingleWebAutomation# /#63 : CM_FF_SI_IPP_0441 out of 95>
2018-02-08 12:57:21 - [INFO] - [Log.doLogger()] - WebAutomation.runSingleWebAutomation < #64 : CM_FF_SI_IPP_0441 out of 95
2018-02-08 12:57:21 - [INFO] - [Log.doLogger()] - WebAutomation.initWebAutomation
2018-02-08 12:57:21 - [INFO] - [Log.doLogger()] - WebAutomation.initWebAutomation# 
2018-02-08 12:57:21 - [INFO] - [Log.doLogger()] - WebAutomation.runSingleWebAutomation# /#64 : CM_FF_SI_IPP_0441 out of 95>
2018-02-08 12:57:21 - [INFO] - [Log.doLogger()] - WebAutomation.runSingleWebAutomation < #65 : CM_FF_SI_IPP_0441 out of 95
2018-02-08 12:57:21 - [INFO] - [Log.doLogger()] - WebAutomation.initWebAutomation
2018-02-08 12:57:21 - [INFO] - [Log.doLogger()] - WebAutomation.initWebAutomation# 
2018-02-08 12:57:21 - [INFO] - [Log.doLogger()] - WebAutomation.runSingleWebAutomation# /#65 : CM_FF_SI_IPP_0441 out of 95>
2018-02-08 12:57:21 - [INFO] - [Log.doLogger()] - WebAutomation.runSingleWebAutomation < #66 : CM_FF_SI_IPP_0441 out of 95
2018-02-08 12:57:21 - [INFO] - [Log.doLogger()] - WebAutomation.initWebAutomation
2018-02-08 12:57:21 - [INFO] - [Log.doLogger()] - WebAutomation.initWebAutomation# 
2018-02-08 12:57:21 - [INFO] - [Log.doLogger()] - WebAutomation.runSingleWebAutomation# /#66 : CM_FF_SI_IPP_0441 out of 95>
2018-02-08 12:57:21 - [INFO] - [Log.doLogger()] - WebAutomation.runSingleWebAutomation < #67 : CM_FF_SI_IPP_0441 out of 95
2018-02-08 12:57:21 - [INFO] - [Log.doLogger()] - WebAutomation.initWebAutomation
2018-02-08 12:57:21 - [INFO] - [Log.doLogger()] - WebAutomation.initWebAutomation# 
2018-02-08 12:57:21 - [INFO] - [Log.doLogger()] - WebAutomation.runSingleWebAutomation# /#67 : CM_FF_SI_IPP_0441 out of 95>
2018-02-08 12:57:21 - [INFO] - [Log.doLogger()] - WebAutomation.runSingleWebAutomation < #68 : CM_FF_SI_IPP_0441 out of 95
2018-02-08 12:57:21 - [INFO] - [Log.doLogger()] - WebAutomation.initWebAutomation
2018-02-08 12:57:21 - [INFO] - [Log.doLogger()] - WebAutomation.initWebAutomation# 
2018-02-08 12:57:21 - [INFO] - [Log.doLogger()] - WebAutomation.runSingleWebAutomation# /#68 : CM_FF_SI_IPP_0441 out of 95>
2018-02-08 12:57:21 - [INFO] - [Log.doLogger()] - WebAutomation.runSingleWebAutomation < #69 : CM_FF_SI_IPP_0441 out of 95
2018-02-08 12:57:21 - [INFO] - [Log.doLogger()] - WebAutomation.initWebAutomation
2018-02-08 12:57:21 - [INFO] - [Log.doLogger()] - WebAutomation.initWebAutomation# 
2018-02-08 12:57:21 - [INFO] - [Log.doLogger()] - WebAutomation.runSingleWebAutomation# /#69 : CM_FF_SI_IPP_0441 out of 95>
2018-02-08 12:57:21 - [INFO] - [Log.doLogger()] - WebAutomation.runSingleWebAutomation < #70 : CM_FF_SI_IPP_0441 out of 95
2018-02-08 12:57:21 - [INFO] - [Log.doLogger()] - WebAutomation.initWebAutomation
2018-02-08 12:57:21 - [INFO] - [Log.doLogger()] - WebAutomation.initWebAutomation# 
2018-02-08 12:57:21 - [INFO] - [Log.doLogger()] - WebAutomation.runSingleWebAutomation# /#70 : CM_FF_SI_IPP_0441 out of 95>
2018-02-08 12:57:21 - [INFO] - [Log.doLogger()] - WebAutomation.runSingleWebAutomation < #71 : CM_FF_SI_IPP_0441 out of 95
2018-02-08 12:57:21 - [INFO] - [Log.doLogger()] - WebAutomation.initWebAutomation
2018-02-08 12:57:21 - [INFO] - [Log.doLogger()] - WebAutomation.initWebAutomation# 
2018-02-08 12:57:21 - [INFO] - [Log.doLogger()] - WebAutomation.runSingleWebAutomation# /#71 : CM_FF_SI_IPP_0441 out of 95>
2018-02-08 12:57:21 - [INFO] - [Log.doLogger()] - WebAutomation.runSingleWebAutomation < #72 : CM_FF_SI_IPP_0441 out of 95
2018-02-08 12:57:21 - [INFO] - [Log.doLogger()] - WebAutomation.initWebAutomation
2018-02-08 12:57:21 - [INFO] - [Log.doLogger()] - WebAutomation.initWebAutomation# 
2018-02-08 12:57:21 - [INFO] - [Log.doLogger()] - WebAutomation.runSingleWebAutomation# /#72 : CM_FF_SI_IPP_0441 out of 95>
2018-02-08 12:57:21 - [INFO] - [Log.doLogger()] - WebAutomation.runSingleWebAutomation < #73 : CM_FF_SI_IPP_0441 out of 95
2018-02-08 12:57:21 - [INFO] - [Log.doLogger()] - WebAutomation.initWebAutomation
2018-02-08 12:57:21 - [INFO] - [Log.doLogger()] - WebAutomation.initWebAutomation# 
2018-02-08 12:57:21 - [INFO] - [Log.doLogger()] - WebAutomation.runSingleWebAutomation# /#73 : CM_FF_SI_IPP_0441 out of 95>
2018-02-08 12:57:21 - [INFO] - [Log.doLogger()] - WebAutomation.runSingleWebAutomation < #74 : CM_FF_SI_IPP_0441 out of 95
2018-02-08 12:57:21 - [INFO] - [Log.doLogger()] - WebAutomation.initWebAutomation
2018-02-08 12:57:21 - [INFO] - [Log.doLogger()] - WebAutomation.initWebAutomation# 
2018-02-08 12:57:21 - [INFO] - [Log.doLogger()] - WebAutomation.runSingleWebAutomation# /#74 : CM_FF_SI_IPP_0441 out of 95>
2018-02-08 12:57:21 - [INFO] - [Log.doLogger()] - WebAutomation.runSingleWebAutomation < #75 : CM_FF_SI_IPP_0441 out of 95
2018-02-08 12:57:21 - [INFO] - [Log.doLogger()] - WebAutomation.initWebAutomation
2018-02-08 12:57:21 - [INFO] - [Log.doLogger()] - WebAutomation.initWebAutomation# 
2018-02-08 12:57:21 - [INFO] - [Log.doLogger()] - WebAutomation.runSingleWebAutomation# /#75 : CM_FF_SI_IPP_0441 out of 95>
2018-02-08 12:57:21 - [INFO] - [Log.doLogger()] - WebAutomation.runSingleWebAutomation < #76 : CM_FF_SI_IPP_0441 out of 95
2018-02-08 12:57:21 - [INFO] - [Log.doLogger()] - WebAutomation.initWebAutomation
2018-02-08 12:57:21 - [INFO] - [Log.doLogger()] - WebAutomation.initWebAutomation# 
2018-02-08 12:57:21 - [INFO] - [Log.doLogger()] - WebAutomation.runSingleWebAutomation# /#76 : CM_FF_SI_IPP_0441 out of 95>
2018-02-08 12:57:21 - [INFO] - [Log.doLogger()] - WebAutomation.runSingleWebAutomation < #77 : CM_FF_SI_IPP_0441 out of 95
2018-02-08 12:57:21 - [INFO] - [Log.doLogger()] - WebAutomation.initWebAutomation
2018-02-08 12:57:21 - [INFO] - [Log.doLogger()] - WebAutomation.initWebAutomation# 
2018-02-08 12:57:21 - [INFO] - [Log.doLogger()] - WebAutomation.runSingleWebAutomation# /#77 : CM_FF_SI_IPP_0441 out of 95>
2018-02-08 12:57:21 - [INFO] - [Log.doLogger()] - WebAutomation.runSingleWebAutomation < #78 : CM_FF_SI_IPP_0441 out of 95
2018-02-08 12:57:21 - [INFO] - [Log.doLogger()] - WebAutomation.initWebAutomation
2018-02-08 12:57:21 - [INFO] - [Log.doLogger()] - WebAutomation.initWebAutomation# 
2018-02-08 12:57:21 - [INFO] - [Log.doLogger()] - WebAutomation.runSingleWebAutomation# /#78 : CM_FF_SI_IPP_0441 out of 95>
2018-02-08 12:57:21 - [INFO] - [Log.doLogger()] - WebAutomation.runSingleWebAutomation < #79 : CM_FF_SI_IPP_0441 out of 95
2018-02-08 12:57:21 - [INFO] - [Log.doLogger()] - WebAutomation.initWebAutomation
2018-02-08 12:57:21 - [INFO] - [Log.doLogger()] - WebAutomation.initWebAutomation# 
2018-02-08 12:57:21 - [INFO] - [Log.doLogger()] - WebAutomation.runSingleWebAutomation# /#79 : CM_FF_SI_IPP_0441 out of 95>
2018-02-08 12:57:21 - [INFO] - [Log.doLogger()] - WebAutomation.runSingleWebAutomation < #80 : CM_FF_SI_IPP_0441 out of 95
2018-02-08 12:57:21 - [INFO] - [Log.doLogger()] - WebAutomation.initWebAutomation
2018-02-08 12:57:21 - [INFO] - [Log.doLogger()] - WebAutomation.initWebAutomation# 
2018-02-08 12:57:21 - [INFO] - [Log.doLogger()] - WebAutomation.runSingleWebAutomation# /#80 : CM_FF_SI_IPP_0441 out of 95>
2018-02-08 12:57:21 - [INFO] - [Log.doLogger()] - WebAutomation.runSingleWebAutomation < #81 : CM_FF_SI_IPP_0441 out of 95
2018-02-08 12:57:21 - [INFO] - [Log.doLogger()] - WebAutomation.initWebAutomation
2018-02-08 12:57:21 - [INFO] - [Log.doLogger()] - WebAutomation.initWebAutomation# 
2018-02-08 12:57:21 - [INFO] - [Log.doLogger()] - WebAutomation.runSingleWebAutomation# /#81 : CM_FF_SI_IPP_0441 out of 95>
2018-02-08 12:57:21 - [INFO] - [Log.doLogger()] - WebAutomation.runSingleWebAutomation < #82 : CM_FF_SI_IPP_0441 out of 95
2018-02-08 12:57:21 - [INFO] - [Log.doLogger()] - WebAutomation.initWebAutomation
2018-02-08 12:57:21 - [INFO] - [Log.doLogger()] - WebAutomation.initWebAutomation# 
2018-02-08 12:57:21 - [INFO] - [Log.doLogger()] - WebAutomation.runSingleWebAutomation# /#82 : CM_FF_SI_IPP_0441 out of 95>
2018-02-08 12:57:21 - [INFO] - [Log.doLogger()] - WebAutomation.runSingleWebAutomation < #83 : CM_FF_SI_IPP_0441 out of 95
2018-02-08 12:57:21 - [INFO] - [Log.doLogger()] - WebAutomation.initWebAutomation
2018-02-08 12:57:21 - [INFO] - [Log.doLogger()] - WebAutomation.initWebAutomation# 
2018-02-08 12:57:21 - [INFO] - [Log.doLogger()] - WebAutomation.runSingleWebAutomation# /#83 : CM_FF_SI_IPP_0441 out of 95>
2018-02-08 12:57:21 - [INFO] - [Log.doLogger()] - WebAutomation.runSingleWebAutomation < #84 : CM_FF_SI_IPP_0441 out of 95
2018-02-08 12:57:21 - [INFO] - [Log.doLogger()] - WebAutomation.initWebAutomation
2018-02-08 12:57:21 - [INFO] - [Log.doLogger()] - WebAutomation.initWebAutomation# 
2018-02-08 12:57:21 - [INFO] - [Log.doLogger()] - WebAutomation.runSingleWebAutomation# /#84 : CM_FF_SI_IPP_0441 out of 95>
2018-02-08 12:57:21 - [INFO] - [Log.doLogger()] - WebAutomation.runSingleWebAutomation < #85 : CM_FF_SI_IPP_0441 out of 95
2018-02-08 12:57:21 - [INFO] - [Log.doLogger()] - WebAutomation.initWebAutomation
2018-02-08 12:57:21 - [INFO] - [Log.doLogger()] - WebAutomation.initWebAutomation# 
2018-02-08 12:57:21 - [INFO] - [Log.doLogger()] - WebAutomation.runSingleWebAutomation# /#85 : CM_FF_SI_IPP_0441 out of 95>
2018-02-08 12:57:21 - [INFO] - [Log.doLogger()] - WebAutomation.runSingleWebAutomation < #86 : CM_FF_SI_IPP_0441 out of 95
2018-02-08 12:57:21 - [INFO] - [Log.doLogger()] - WebAutomation.initWebAutomation
2018-02-08 12:57:21 - [INFO] - [Log.doLogger()] - WebAutomation.initWebAutomation# 
2018-02-08 12:57:21 - [INFO] - [Log.doLogger()] - WebAutomation.runSingleWebAutomation# /#86 : CM_FF_SI_IPP_0441 out of 95>
2018-02-08 12:57:21 - [INFO] - [Log.doLogger()] - WebAutomation.runSingleWebAutomation < #87 : CM_FF_SI_IPP_0441 out of 95
2018-02-08 12:57:21 - [INFO] - [Log.doLogger()] - WebAutomation.initWebAutomation
2018-02-08 12:57:21 - [INFO] - [Log.doLogger()] - WebAutomation.initWebAutomation# 
2018-02-08 12:57:21 - [INFO] - [Log.doLogger()] - WebAutomation.runSingleWebAutomation# /#87 : CM_FF_SI_IPP_0441 out of 95>
2018-02-08 12:57:21 - [INFO] - [Log.doLogger()] - WebAutomation.runSingleWebAutomation < #88 : CM_FF_SI_IPP_0441 out of 95
2018-02-08 12:57:21 - [INFO] - [Log.doLogger()] - WebAutomation.initWebAutomation
2018-02-08 12:57:21 - [INFO] - [Log.doLogger()] - WebAutomation.initWebAutomation# 
2018-02-08 12:57:21 - [INFO] - [Log.doLogger()] - WebAutomation.runSingleWebAutomation# /#88 : CM_FF_SI_IPP_0441 out of 95>
2018-02-08 12:57:21 - [INFO] - [Log.doLogger()] - WebAutomation.runSingleWebAutomation < #89 : CM_FF_SI_IPP_0441 out of 95
2018-02-08 12:57:21 - [INFO] - [Log.doLogger()] - WebAutomation.initWebAutomation
2018-02-08 12:57:21 - [INFO] - [Log.doLogger()] - WebAutomation.initWebAutomation# 
2018-02-08 12:57:21 - [INFO] - [Log.doLogger()] - WebAutomation.runSingleWebAutomation# /#89 : CM_FF_SI_IPP_0441 out of 95>
2018-02-08 12:57:21 - [INFO] - [Log.doLogger()] - WebAutomation.runSingleWebAutomation < #90 : CM_FF_SI_IPP_0441 out of 95
2018-02-08 12:57:21 - [INFO] - [Log.doLogger()] - WebAutomation.initWebAutomation
2018-02-08 12:57:21 - [INFO] - [Log.doLogger()] - WebAutomation.initWebAutomation# 
2018-02-08 12:57:21 - [INFO] - [Log.doLogger()] - WebAutomation.runSingleWebAutomation# /#90 : CM_FF_SI_IPP_0441 out of 95>
2018-02-08 12:57:21 - [INFO] - [Log.doLogger()] - WebAutomation.runSingleWebAutomation < #91 : CM_FF_SI_IPP_0441 out of 95
2018-02-08 12:57:21 - [INFO] - [Log.doLogger()] - WebAutomation.initWebAutomation
2018-02-08 12:57:21 - [INFO] - [Log.doLogger()] - WebAutomation.initWebAutomation# 
2018-02-08 12:57:21 - [INFO] - [Log.doLogger()] - WebAutomation.runSingleWebAutomation# /#91 : CM_FF_SI_IPP_0441 out of 95>
2018-02-08 12:57:21 - [INFO] - [Log.doLogger()] - WebAutomation.runSingleWebAutomation < #92 : CM_FF_SI_IPP_0441 out of 95
2018-02-08 12:57:21 - [INFO] - [Log.doLogger()] - WebAutomation.initWebAutomation
2018-02-08 12:57:21 - [INFO] - [Log.doLogger()] - WebAutomation.initWebAutomation# 
2018-02-08 12:57:21 - [INFO] - [Log.doLogger()] - WebAutomation.runSingleWebAutomation# /#92 : CM_FF_SI_IPP_0441 out of 95>
2018-02-08 12:57:21 - [INFO] - [Log.doLogger()] - WebAutomation.runSingleWebAutomation < #93 : CM_FF_SI_IPP_0441 out of 95
2018-02-08 12:57:21 - [INFO] - [Log.doLogger()] - WebAutomation.initWebAutomation
2018-02-08 12:57:21 - [INFO] - [Log.doLogger()] - WebAutomation.initWebAutomation# 
2018-02-08 12:57:21 - [INFO] - [Log.doLogger()] - WebAutomation.runSingleWebAutomation# /#93 : CM_FF_SI_IPP_0441 out of 95>
2018-02-08 12:57:21 - [INFO] - [Log.doLogger()] - WebAutomation.runSingleWebAutomation < #94 : CM_FF_SI_IPP_0441 out of 95
2018-02-08 12:57:21 - [INFO] - [Log.doLogger()] - WebAutomation.initWebAutomation
2018-02-08 12:57:21 - [INFO] - [Log.doLogger()] - WebAutomation.initWebAutomation# 
2018-02-08 12:57:21 - [INFO] - [Log.doLogger()] - WebAutomation.runSingleWebAutomation# /#94 : CM_FF_SI_IPP_0441 out of 95>
2018-02-08 12:57:21 - [INFO] - [Log.doLogger()] - WebAutomation.runSingleWebAutomation < #95 : CM_FF_SI_IPP_0441 out of 95
2018-02-08 12:57:21 - [INFO] - [Log.doLogger()] - WebAutomation.initWebAutomation
2018-02-08 12:57:21 - [INFO] - [Log.doLogger()] - WebAutomation.initWebAutomation# 
2018-02-08 12:57:21 - [INFO] - [Log.doLogger()] - WebAutomation.runSingleWebAutomation# /#95 : CM_FF_SI_IPP_0441 out of 95>
2018-02-08 12:57:21 - [INFO] - [Log.doLogger()] - WebAutomation.runWebAutomation# 
2018-02-08 12:57:21 - [INFO] - [Log.doLogger()] - Main.main# 
